#
# There is insufficient memory for the Java Runtime Environment to continue.
# Native memory allocation (mmap) failed to map 65536 bytes for Failed to commit metaspace.
# Possible reasons:
#   The system is out of physical RAM or swap space
#   The process is running with CompressedOops enabled, and the Java Heap may be blocking the growth of the native heap
# Possible solutions:
#   Reduce memory load on the system
#   Increase physical memory or swap space
#   Check if swap backing store is full
#   Decrease Java heap size (-Xmx/-Xms)
#   Decrease number of Java threads
#   Decrease Java thread stack sizes (-Xss)
#   Set larger code cache with -XX:ReservedCodeCacheSize=
#   JVM is running with Unscaled Compressed Oops mode in which the Java heap is
#     placed in the first 4GB address space. The Java Heap base address is the
#     maximum limit for the native heap growth. Please use -XX:HeapBaseMinAddress
#     to set the Java Heap base and to place the Java Heap above 4GB virtual address.
# This output file may be truncated or incomplete.
#
#  Out of Memory Error (virtualSpaceNode.cpp:110), pid=436, tid=5316
#
# JRE version: OpenJDK Runtime Environment (19.0.1+10) (build 19.0.1+10-21)
# Java VM: OpenJDK 64-Bit Server VM (19.0.1+10-21, mixed mode, sharing, tiered, compressed oops, compressed class ptrs, g1 gc, windows-amd64)
# No core dump will be written. Minidumps are not enabled by default on client versions of Windows
#

---------------  S U M M A R Y ------------

Command Line: -ea -Didea.test.cyclic.buffer.size=1048576 -javaagent:C:\Program Files\JetBrains\IntelliJ IDEA Community Edition 2022.3.1\lib\idea_rt.jar=60633:C:\Program Files\JetBrains\IntelliJ IDEA Community Edition 2022.3.1\bin -Dfile.encoding=UTF-8 -Dsun.stdout.encoding=UTF-8 -Dsun.stderr.encoding=UTF-8 com.intellij.rt.junit.JUnitStarter -ideVersion5 -junit5 belajarspringboot.belajarspringdasar.core.ComponentTest,testFieldDependencyInjection

Host: 11th Gen Intel(R) Core(TM) i5-1135G7 @ 2.40GHz, 8 cores, 7G,  Windows 11 , 64 bit Build 22000 (10.0.22000.1335)
Time: Sun Jan  1 15:01:54 2023 SE Asia Standard Time elapsed time: 0.441660 seconds (0d 0h 0m 0s)

---------------  T H R E A D  ---------------

Current thread (0x000001aeacfa0fe0):  JavaThread "C1 CompilerThread0" daemon [_thread_in_vm, id=5316, stack(0x0000001428c00000,0x0000001428d00000)]


Current CompileTask:
C1:    441  792       3       jdk.internal.org.objectweb.asm.ClassReader::<init> (371 bytes)

Stack: [0x0000001428c00000,0x0000001428d00000]
Native frames: (J=compiled Java code, j=interpreted, Vv=VM code, C=native code)
V  [jvm.dll+0x6ee8fa]
V  [jvm.dll+0x857a1e]
V  [jvm.dll+0x85940e]
V  [jvm.dll+0x859ac3]
V  [jvm.dll+0x28291f]
V  [jvm.dll+0x85369b]
V  [jvm.dll+0x693276]
V  [jvm.dll+0x6932da]
V  [jvm.dll+0x695bd3]
V  [jvm.dll+0x695a9e]
V  [jvm.dll+0x693c9e]
V  [jvm.dll+0x6a557a]
V  [jvm.dll+0x69e54a]
V  [jvm.dll+0x2002f0]
V  [jvm.dll+0x2004d8]
V  [jvm.dll+0x1735f1]
V  [jvm.dll+0x173435]
V  [jvm.dll+0x16ae65]
V  [jvm.dll+0x16d0e7]
V  [jvm.dll+0x16b6f5]
V  [jvm.dll+0x165600]
V  [jvm.dll+0x175076]
V  [jvm.dll+0x160c20]
V  [jvm.dll+0x160f93]
V  [jvm.dll+0x161278]
V  [jvm.dll+0x1606d6]
V  [jvm.dll+0x1623cd]
V  [jvm.dll+0x25b0fa]
V  [jvm.dll+0x259588]
V  [jvm.dll+0x807928]
V  [jvm.dll+0x8015fa]
V  [jvm.dll+0x6ed5eb]
C  [ucrtbase.dll+0x26c0c]
C  [KERNEL32.DLL+0x155a0]
C  [ntdll.dll+0x485b]


---------------  P R O C E S S  ---------------

Threads class SMR info:
_java_thread_list=0x000001aead1ee460, length=14, elements={
0x000001ae8971c7e0, 0x000001aeacf829b0, 0x000001aeacf832e0, 0x000001aeacf88080,
0x000001aeacf88aa0, 0x000001aeacf894c0, 0x000001aeacf89ee0, 0x000001aeacf92150,
0x000001aeacfa0fe0, 0x000001aeacfcba50, 0x000001aea8233bc0, 0x000001aead233950,
0x000001aead17dd70, 0x000001aead210e10
}

Java Threads: ( => current thread )
  0x000001ae8971c7e0 JavaThread "main" [_thread_in_vm, id=2512, stack(0x0000001427e00000,0x0000001427f00000)]
  0x000001aeacf829b0 JavaThread "Reference Handler" daemon [_thread_blocked, id=4880, stack(0x0000001428500000,0x0000001428600000)]
  0x000001aeacf832e0 JavaThread "Finalizer" daemon [_thread_blocked, id=4276, stack(0x0000001428600000,0x0000001428700000)]
  0x000001aeacf88080 JavaThread "Signal Dispatcher" daemon [_thread_blocked, id=16152, stack(0x0000001428700000,0x0000001428800000)]
  0x000001aeacf88aa0 JavaThread "Attach Listener" daemon [_thread_blocked, id=14592, stack(0x0000001428800000,0x0000001428900000)]
  0x000001aeacf894c0 JavaThread "Service Thread" daemon [_thread_blocked, id=11624, stack(0x0000001428900000,0x0000001428a00000)]
  0x000001aeacf89ee0 JavaThread "Monitor Deflation Thread" daemon [_thread_blocked, id=15616, stack(0x0000001428a00000,0x0000001428b00000)]
  0x000001aeacf92150 JavaThread "C2 CompilerThread0" daemon [_thread_blocked, id=14392, stack(0x0000001428b00000,0x0000001428c00000)]
=>0x000001aeacfa0fe0 JavaThread "C1 CompilerThread0" daemon [_thread_in_vm, id=5316, stack(0x0000001428c00000,0x0000001428d00000)]
  0x000001aeacfcba50 JavaThread "Sweeper thread" daemon [_thread_blocked, id=8200, stack(0x0000001428d00000,0x0000001428e00000)]
  0x000001aea8233bc0 JavaThread "Common-Cleaner" daemon [_thread_blocked, id=2708, stack(0x0000001428e00000,0x0000001428f00000)]
  0x000001aead233950 JavaThread "Monitor Ctrl-Break" daemon [_thread_in_native, id=10356, stack(0x0000001428f00000,0x0000001429000000)]
  0x000001aead17dd70 JavaThread "Notification Thread" daemon [_thread_blocked, id=11208, stack(0x0000001429000000,0x0000001429100000)]
  0x000001aead210e10 JavaThread "C2 CompilerThread1" daemon [_thread_blocked, id=17060, stack(0x0000001429200000,0x0000001429300000)]

Other Threads:
  0x000001aea8245540 VMThread "VM Thread" [stack: 0x0000001428400000,0x0000001428500000] [id=11724]
  0x000001ae87daba70 WatcherThread "VM Periodic Task Thread" [stack: 0x0000001429100000,0x0000001429200000] [id=16856]
  0x000001ae897793d0 WorkerThread "GC Thread#0" [stack: 0x0000001427f00000,0x0000001428000000] [id=3068]
  0x000001ae89789df0 ConcurrentGCThread "G1 Main Marker" [stack: 0x0000001428000000,0x0000001428100000] [id=16448]
  0x000001ae8978bfd0 WorkerThread "G1 Conc#0" [stack: 0x0000001428100000,0x0000001428200000] [id=14860]
  0x000001ae897ae750 ConcurrentGCThread "G1 Refine#0" [stack: 0x0000001428200000,0x0000001428300000] [id=16064]
  0x000001aea80fd170 ConcurrentGCThread "G1 Service" [stack: 0x0000001428300000,0x0000001428400000] [id=2556]

Threads with active compile tasks:
C1 CompilerThread0      467  792       3       jdk.internal.org.objectweb.asm.ClassReader::<init> (371 bytes)

VM state: not at safepoint (normal execution)

VM Mutex/Monitor currently owned by a thread:  ([mutex/lock_event])
[0x000001ae896d3a40] Metaspace_lock - owner thread: 0x000001aeacfa0fe0
[0x000001ae89717590] MethodData_lock - owner thread: 0x000001aeacfa0fe0

Heap address: 0x0000000084200000, size: 1982 MB, Compressed Oops mode: 32-bit

CDS archive(s) mapped at: [0x0000000800000000-0x0000000800c30000-0x0000000800c30000), size 12779520, SharedBaseAddress: 0x0000000800000000, ArchiveRelocationMode: 0.
Compressed class space mapped at: 0x0000000801000000-0x0000000841000000, reserved size: 1073741824
Narrow klass base: 0x0000000800000000, Narrow klass shift: 0, Narrow klass range: 0x100000000

GC Precious Log:
 CardTable entry size: 512
 Card Set container configuration: InlinePtr #cards 5 size 8 Array Of Cards #cards 12 size 40 Howl #buckets 4 coarsen threshold 1843 Howl Bitmap #cards 512 size 80 coarsen threshold 460 Card regions per heap region 1 cards per card region 2048
 CPUs: 8 total, 8 available
 Memory: 7926M
 Large Page Support: Disabled
 NUMA Support: Disabled
 Compressed Oops: Enabled (32-bit)
 Heap Region Size: 1M
 Heap Min Capacity: 8M
 Heap Initial Capacity: 124M
 Heap Max Capacity: 1982M
 Pre-touch: Disabled
 Parallel Workers: 8
 Concurrent Workers: 2
 Concurrent Refinement Workers: 8
 Periodic GC: Disabled

Heap:
 garbage-first heap   total 126976K, used 11264K [0x0000000084200000, 0x0000000100000000)
  region size 1024K, 13 young (13312K), 0 survivors (0K)
 Metaspace       used 3300K, committed 3456K, reserved 1114112K
  class space    used 361K, committed 448K, reserved 1048576K

Heap Regions: E=young(eden), S=young(survivor), O=old, HS=humongous(starts), HC=humongous(continues), CS=collection set, F=free, OA=open archive, CA=closed archive, TAMS=top-at-mark-start (previous, next)
|   0|0x0000000084200000, 0x0000000084200000, 0x0000000084300000|  0%| F|  |TAMS 0x0000000084200000, 0x0000000084200000| Untracked 
|   1|0x0000000084300000, 0x0000000084300000, 0x0000000084400000|  0%| F|  |TAMS 0x0000000084300000, 0x0000000084300000| Untracked 
|   2|0x0000000084400000, 0x0000000084400000, 0x0000000084500000|  0%| F|  |TAMS 0x0000000084400000, 0x0000000084400000| Untracked 
|   3|0x0000000084500000, 0x0000000084500000, 0x0000000084600000|  0%| F|  |TAMS 0x0000000084500000, 0x0000000084500000| Untracked 
|   4|0x0000000084600000, 0x0000000084600000, 0x0000000084700000|  0%| F|  |TAMS 0x0000000084600000, 0x0000000084600000| Untracked 
|   5|0x0000000084700000, 0x0000000084700000, 0x0000000084800000|  0%| F|  |TAMS 0x0000000084700000, 0x0000000084700000| Untracked 
|   6|0x0000000084800000, 0x0000000084800000, 0x0000000084900000|  0%| F|  |TAMS 0x0000000084800000, 0x0000000084800000| Untracked 
|   7|0x0000000084900000, 0x0000000084900000, 0x0000000084a00000|  0%| F|  |TAMS 0x0000000084900000, 0x0000000084900000| Untracked 
|   8|0x0000000084a00000, 0x0000000084a00000, 0x0000000084b00000|  0%| F|  |TAMS 0x0000000084a00000, 0x0000000084a00000| Untracked 
|   9|0x0000000084b00000, 0x0000000084b00000, 0x0000000084c00000|  0%| F|  |TAMS 0x0000000084b00000, 0x0000000084b00000| Untracked 
|  10|0x0000000084c00000, 0x0000000084c00000, 0x0000000084d00000|  0%| F|  |TAMS 0x0000000084c00000, 0x0000000084c00000| Untracked 
|  11|0x0000000084d00000, 0x0000000084d00000, 0x0000000084e00000|  0%| F|  |TAMS 0x0000000084d00000, 0x0000000084d00000| Untracked 
|  12|0x0000000084e00000, 0x0000000084e00000, 0x0000000084f00000|  0%| F|  |TAMS 0x0000000084e00000, 0x0000000084e00000| Untracked 
|  13|0x0000000084f00000, 0x0000000084f00000, 0x0000000085000000|  0%| F|  |TAMS 0x0000000084f00000, 0x0000000084f00000| Untracked 
|  14|0x0000000085000000, 0x0000000085000000, 0x0000000085100000|  0%| F|  |TAMS 0x0000000085000000, 0x0000000085000000| Untracked 
|  15|0x0000000085100000, 0x0000000085100000, 0x0000000085200000|  0%| F|  |TAMS 0x0000000085100000, 0x0000000085100000| Untracked 
|  16|0x0000000085200000, 0x0000000085200000, 0x0000000085300000|  0%| F|  |TAMS 0x0000000085200000, 0x0000000085200000| Untracked 
|  17|0x0000000085300000, 0x0000000085300000, 0x0000000085400000|  0%| F|  |TAMS 0x0000000085300000, 0x0000000085300000| Untracked 
|  18|0x0000000085400000, 0x0000000085400000, 0x0000000085500000|  0%| F|  |TAMS 0x0000000085400000, 0x0000000085400000| Untracked 
|  19|0x0000000085500000, 0x0000000085500000, 0x0000000085600000|  0%| F|  |TAMS 0x0000000085500000, 0x0000000085500000| Untracked 
|  20|0x0000000085600000, 0x0000000085600000, 0x0000000085700000|  0%| F|  |TAMS 0x0000000085600000, 0x0000000085600000| Untracked 
|  21|0x0000000085700000, 0x0000000085700000, 0x0000000085800000|  0%| F|  |TAMS 0x0000000085700000, 0x0000000085700000| Untracked 
|  22|0x0000000085800000, 0x0000000085800000, 0x0000000085900000|  0%| F|  |TAMS 0x0000000085800000, 0x0000000085800000| Untracked 
|  23|0x0000000085900000, 0x0000000085900000, 0x0000000085a00000|  0%| F|  |TAMS 0x0000000085900000, 0x0000000085900000| Untracked 
|  24|0x0000000085a00000, 0x0000000085a00000, 0x0000000085b00000|  0%| F|  |TAMS 0x0000000085a00000, 0x0000000085a00000| Untracked 
|  25|0x0000000085b00000, 0x0000000085b00000, 0x0000000085c00000|  0%| F|  |TAMS 0x0000000085b00000, 0x0000000085b00000| Untracked 
|  26|0x0000000085c00000, 0x0000000085c00000, 0x0000000085d00000|  0%| F|  |TAMS 0x0000000085c00000, 0x0000000085c00000| Untracked 
|  27|0x0000000085d00000, 0x0000000085d00000, 0x0000000085e00000|  0%| F|  |TAMS 0x0000000085d00000, 0x0000000085d00000| Untracked 
|  28|0x0000000085e00000, 0x0000000085e00000, 0x0000000085f00000|  0%| F|  |TAMS 0x0000000085e00000, 0x0000000085e00000| Untracked 
|  29|0x0000000085f00000, 0x0000000085f00000, 0x0000000086000000|  0%| F|  |TAMS 0x0000000085f00000, 0x0000000085f00000| Untracked 
|  30|0x0000000086000000, 0x0000000086000000, 0x0000000086100000|  0%| F|  |TAMS 0x0000000086000000, 0x0000000086000000| Untracked 
|  31|0x0000000086100000, 0x0000000086100000, 0x0000000086200000|  0%| F|  |TAMS 0x0000000086100000, 0x0000000086100000| Untracked 
|  32|0x0000000086200000, 0x0000000086200000, 0x0000000086300000|  0%| F|  |TAMS 0x0000000086200000, 0x0000000086200000| Untracked 
|  33|0x0000000086300000, 0x0000000086300000, 0x0000000086400000|  0%| F|  |TAMS 0x0000000086300000, 0x0000000086300000| Untracked 
|  34|0x0000000086400000, 0x0000000086400000, 0x0000000086500000|  0%| F|  |TAMS 0x0000000086400000, 0x0000000086400000| Untracked 
|  35|0x0000000086500000, 0x0000000086500000, 0x0000000086600000|  0%| F|  |TAMS 0x0000000086500000, 0x0000000086500000| Untracked 
|  36|0x0000000086600000, 0x0000000086600000, 0x0000000086700000|  0%| F|  |TAMS 0x0000000086600000, 0x0000000086600000| Untracked 
|  37|0x0000000086700000, 0x0000000086700000, 0x0000000086800000|  0%| F|  |TAMS 0x0000000086700000, 0x0000000086700000| Untracked 
|  38|0x0000000086800000, 0x0000000086800000, 0x0000000086900000|  0%| F|  |TAMS 0x0000000086800000, 0x0000000086800000| Untracked 
|  39|0x0000000086900000, 0x0000000086900000, 0x0000000086a00000|  0%| F|  |TAMS 0x0000000086900000, 0x0000000086900000| Untracked 
|  40|0x0000000086a00000, 0x0000000086a00000, 0x0000000086b00000|  0%| F|  |TAMS 0x0000000086a00000, 0x0000000086a00000| Untracked 
|  41|0x0000000086b00000, 0x0000000086b00000, 0x0000000086c00000|  0%| F|  |TAMS 0x0000000086b00000, 0x0000000086b00000| Untracked 
|  42|0x0000000086c00000, 0x0000000086c00000, 0x0000000086d00000|  0%| F|  |TAMS 0x0000000086c00000, 0x0000000086c00000| Untracked 
|  43|0x0000000086d00000, 0x0000000086d00000, 0x0000000086e00000|  0%| F|  |TAMS 0x0000000086d00000, 0x0000000086d00000| Untracked 
|  44|0x0000000086e00000, 0x0000000086e00000, 0x0000000086f00000|  0%| F|  |TAMS 0x0000000086e00000, 0x0000000086e00000| Untracked 
|  45|0x0000000086f00000, 0x0000000086f00000, 0x0000000087000000|  0%| F|  |TAMS 0x0000000086f00000, 0x0000000086f00000| Untracked 
|  46|0x0000000087000000, 0x0000000087000000, 0x0000000087100000|  0%| F|  |TAMS 0x0000000087000000, 0x0000000087000000| Untracked 
|  47|0x0000000087100000, 0x0000000087100000, 0x0000000087200000|  0%| F|  |TAMS 0x0000000087100000, 0x0000000087100000| Untracked 
|  48|0x0000000087200000, 0x0000000087200000, 0x0000000087300000|  0%| F|  |TAMS 0x0000000087200000, 0x0000000087200000| Untracked 
|  49|0x0000000087300000, 0x0000000087300000, 0x0000000087400000|  0%| F|  |TAMS 0x0000000087300000, 0x0000000087300000| Untracked 
|  50|0x0000000087400000, 0x0000000087400000, 0x0000000087500000|  0%| F|  |TAMS 0x0000000087400000, 0x0000000087400000| Untracked 
|  51|0x0000000087500000, 0x0000000087500000, 0x0000000087600000|  0%| F|  |TAMS 0x0000000087500000, 0x0000000087500000| Untracked 
|  52|0x0000000087600000, 0x0000000087600000, 0x0000000087700000|  0%| F|  |TAMS 0x0000000087600000, 0x0000000087600000| Untracked 
|  53|0x0000000087700000, 0x0000000087700000, 0x0000000087800000|  0%| F|  |TAMS 0x0000000087700000, 0x0000000087700000| Untracked 
|  54|0x0000000087800000, 0x0000000087800000, 0x0000000087900000|  0%| F|  |TAMS 0x0000000087800000, 0x0000000087800000| Untracked 
|  55|0x0000000087900000, 0x0000000087900000, 0x0000000087a00000|  0%| F|  |TAMS 0x0000000087900000, 0x0000000087900000| Untracked 
|  56|0x0000000087a00000, 0x0000000087a00000, 0x0000000087b00000|  0%| F|  |TAMS 0x0000000087a00000, 0x0000000087a00000| Untracked 
|  57|0x0000000087b00000, 0x0000000087b00000, 0x0000000087c00000|  0%| F|  |TAMS 0x0000000087b00000, 0x0000000087b00000| Untracked 
|  58|0x0000000087c00000, 0x0000000087c00000, 0x0000000087d00000|  0%| F|  |TAMS 0x0000000087c00000, 0x0000000087c00000| Untracked 
|  59|0x0000000087d00000, 0x0000000087d00000, 0x0000000087e00000|  0%| F|  |TAMS 0x0000000087d00000, 0x0000000087d00000| Untracked 
|  60|0x0000000087e00000, 0x0000000087e00000, 0x0000000087f00000|  0%| F|  |TAMS 0x0000000087e00000, 0x0000000087e00000| Untracked 
|  61|0x0000000087f00000, 0x0000000087f00000, 0x0000000088000000|  0%| F|  |TAMS 0x0000000087f00000, 0x0000000087f00000| Untracked 
|  62|0x0000000088000000, 0x0000000088000000, 0x0000000088100000|  0%| F|  |TAMS 0x0000000088000000, 0x0000000088000000| Untracked 
|  63|0x0000000088100000, 0x0000000088100000, 0x0000000088200000|  0%| F|  |TAMS 0x0000000088100000, 0x0000000088100000| Untracked 
|  64|0x0000000088200000, 0x0000000088200000, 0x0000000088300000|  0%| F|  |TAMS 0x0000000088200000, 0x0000000088200000| Untracked 
|  65|0x0000000088300000, 0x0000000088300000, 0x0000000088400000|  0%| F|  |TAMS 0x0000000088300000, 0x0000000088300000| Untracked 
|  66|0x0000000088400000, 0x0000000088400000, 0x0000000088500000|  0%| F|  |TAMS 0x0000000088400000, 0x0000000088400000| Untracked 
|  67|0x0000000088500000, 0x0000000088500000, 0x0000000088600000|  0%| F|  |TAMS 0x0000000088500000, 0x0000000088500000| Untracked 
|  68|0x0000000088600000, 0x0000000088600000, 0x0000000088700000|  0%| F|  |TAMS 0x0000000088600000, 0x0000000088600000| Untracked 
|  69|0x0000000088700000, 0x0000000088700000, 0x0000000088800000|  0%| F|  |TAMS 0x0000000088700000, 0x0000000088700000| Untracked 
|  70|0x0000000088800000, 0x0000000088800000, 0x0000000088900000|  0%| F|  |TAMS 0x0000000088800000, 0x0000000088800000| Untracked 
|  71|0x0000000088900000, 0x0000000088900000, 0x0000000088a00000|  0%| F|  |TAMS 0x0000000088900000, 0x0000000088900000| Untracked 
|  72|0x0000000088a00000, 0x0000000088a00000, 0x0000000088b00000|  0%| F|  |TAMS 0x0000000088a00000, 0x0000000088a00000| Untracked 
|  73|0x0000000088b00000, 0x0000000088b00000, 0x0000000088c00000|  0%| F|  |TAMS 0x0000000088b00000, 0x0000000088b00000| Untracked 
|  74|0x0000000088c00000, 0x0000000088c00000, 0x0000000088d00000|  0%| F|  |TAMS 0x0000000088c00000, 0x0000000088c00000| Untracked 
|  75|0x0000000088d00000, 0x0000000088d00000, 0x0000000088e00000|  0%| F|  |TAMS 0x0000000088d00000, 0x0000000088d00000| Untracked 
|  76|0x0000000088e00000, 0x0000000088e00000, 0x0000000088f00000|  0%| F|  |TAMS 0x0000000088e00000, 0x0000000088e00000| Untracked 
|  77|0x0000000088f00000, 0x0000000088f00000, 0x0000000089000000|  0%| F|  |TAMS 0x0000000088f00000, 0x0000000088f00000| Untracked 
|  78|0x0000000089000000, 0x0000000089000000, 0x0000000089100000|  0%| F|  |TAMS 0x0000000089000000, 0x0000000089000000| Untracked 
|  79|0x0000000089100000, 0x0000000089100000, 0x0000000089200000|  0%| F|  |TAMS 0x0000000089100000, 0x0000000089100000| Untracked 
|  80|0x0000000089200000, 0x0000000089200000, 0x0000000089300000|  0%| F|  |TAMS 0x0000000089200000, 0x0000000089200000| Untracked 
|  81|0x0000000089300000, 0x0000000089300000, 0x0000000089400000|  0%| F|  |TAMS 0x0000000089300000, 0x0000000089300000| Untracked 
|  82|0x0000000089400000, 0x0000000089400000, 0x0000000089500000|  0%| F|  |TAMS 0x0000000089400000, 0x0000000089400000| Untracked 
|  83|0x0000000089500000, 0x0000000089500000, 0x0000000089600000|  0%| F|  |TAMS 0x0000000089500000, 0x0000000089500000| Untracked 
|  84|0x0000000089600000, 0x0000000089600000, 0x0000000089700000|  0%| F|  |TAMS 0x0000000089600000, 0x0000000089600000| Untracked 
|  85|0x0000000089700000, 0x0000000089700000, 0x0000000089800000|  0%| F|  |TAMS 0x0000000089700000, 0x0000000089700000| Untracked 
|  86|0x0000000089800000, 0x0000000089800000, 0x0000000089900000|  0%| F|  |TAMS 0x0000000089800000, 0x0000000089800000| Untracked 
|  87|0x0000000089900000, 0x0000000089900000, 0x0000000089a00000|  0%| F|  |TAMS 0x0000000089900000, 0x0000000089900000| Untracked 
|  88|0x0000000089a00000, 0x0000000089a00000, 0x0000000089b00000|  0%| F|  |TAMS 0x0000000089a00000, 0x0000000089a00000| Untracked 
|  89|0x0000000089b00000, 0x0000000089b00000, 0x0000000089c00000|  0%| F|  |TAMS 0x0000000089b00000, 0x0000000089b00000| Untracked 
|  90|0x0000000089c00000, 0x0000000089c00000, 0x0000000089d00000|  0%| F|  |TAMS 0x0000000089c00000, 0x0000000089c00000| Untracked 
|  91|0x0000000089d00000, 0x0000000089d00000, 0x0000000089e00000|  0%| F|  |TAMS 0x0000000089d00000, 0x0000000089d00000| Untracked 
|  92|0x0000000089e00000, 0x0000000089e00000, 0x0000000089f00000|  0%| F|  |TAMS 0x0000000089e00000, 0x0000000089e00000| Untracked 
|  93|0x0000000089f00000, 0x0000000089f00000, 0x000000008a000000|  0%| F|  |TAMS 0x0000000089f00000, 0x0000000089f00000| Untracked 
|  94|0x000000008a000000, 0x000000008a000000, 0x000000008a100000|  0%| F|  |TAMS 0x000000008a000000, 0x000000008a000000| Untracked 
|  95|0x000000008a100000, 0x000000008a100000, 0x000000008a200000|  0%| F|  |TAMS 0x000000008a100000, 0x000000008a100000| Untracked 
|  96|0x000000008a200000, 0x000000008a200000, 0x000000008a300000|  0%| F|  |TAMS 0x000000008a200000, 0x000000008a200000| Untracked 
|  97|0x000000008a300000, 0x000000008a300000, 0x000000008a400000|  0%| F|  |TAMS 0x000000008a300000, 0x000000008a300000| Untracked 
|  98|0x000000008a400000, 0x000000008a400000, 0x000000008a500000|  0%| F|  |TAMS 0x000000008a400000, 0x000000008a400000| Untracked 
|  99|0x000000008a500000, 0x000000008a500000, 0x000000008a600000|  0%| F|  |TAMS 0x000000008a500000, 0x000000008a500000| Untracked 
| 100|0x000000008a600000, 0x000000008a600000, 0x000000008a700000|  0%| F|  |TAMS 0x000000008a600000, 0x000000008a600000| Untracked 
| 101|0x000000008a700000, 0x000000008a700000, 0x000000008a800000|  0%| F|  |TAMS 0x000000008a700000, 0x000000008a700000| Untracked 
| 102|0x000000008a800000, 0x000000008a800000, 0x000000008a900000|  0%| F|  |TAMS 0x000000008a800000, 0x000000008a800000| Untracked 
| 103|0x000000008a900000, 0x000000008a900000, 0x000000008aa00000|  0%| F|  |TAMS 0x000000008a900000, 0x000000008a900000| Untracked 
| 104|0x000000008aa00000, 0x000000008aa00000, 0x000000008ab00000|  0%| F|  |TAMS 0x000000008aa00000, 0x000000008aa00000| Untracked 
| 105|0x000000008ab00000, 0x000000008ab00000, 0x000000008ac00000|  0%| F|  |TAMS 0x000000008ab00000, 0x000000008ab00000| Untracked 
| 106|0x000000008ac00000, 0x000000008ac00000, 0x000000008ad00000|  0%| F|  |TAMS 0x000000008ac00000, 0x000000008ac00000| Untracked 
| 107|0x000000008ad00000, 0x000000008ad00000, 0x000000008ae00000|  0%| F|  |TAMS 0x000000008ad00000, 0x000000008ad00000| Untracked 
| 108|0x000000008ae00000, 0x000000008ae00000, 0x000000008af00000|  0%| F|  |TAMS 0x000000008ae00000, 0x000000008ae00000| Untracked 
| 109|0x000000008af00000, 0x000000008af00000, 0x000000008b000000|  0%| F|  |TAMS 0x000000008af00000, 0x000000008af00000| Untracked 
| 110|0x000000008b000000, 0x000000008b000000, 0x000000008b100000|  0%| F|  |TAMS 0x000000008b000000, 0x000000008b000000| Untracked 
| 111|0x000000008b100000, 0x000000008b185e10, 0x000000008b200000| 52%| E|  |TAMS 0x000000008b100000, 0x000000008b100000| Complete 
| 112|0x000000008b200000, 0x000000008b300000, 0x000000008b300000|100%| E|  |TAMS 0x000000008b200000, 0x000000008b200000| Complete 
| 113|0x000000008b300000, 0x000000008b400000, 0x000000008b400000|100%| E|CS|TAMS 0x000000008b300000, 0x000000008b300000| Complete 
| 114|0x000000008b400000, 0x000000008b500000, 0x000000008b500000|100%| E|CS|TAMS 0x000000008b400000, 0x000000008b400000| Complete 
| 115|0x000000008b500000, 0x000000008b600000, 0x000000008b600000|100%| E|CS|TAMS 0x000000008b500000, 0x000000008b500000| Complete 
| 116|0x000000008b600000, 0x000000008b700000, 0x000000008b700000|100%| E|CS|TAMS 0x000000008b600000, 0x000000008b600000| Complete 
| 117|0x000000008b700000, 0x000000008b800000, 0x000000008b800000|100%| E|CS|TAMS 0x000000008b700000, 0x000000008b700000| Complete 
| 118|0x000000008b800000, 0x000000008b900000, 0x000000008b900000|100%| E|CS|TAMS 0x000000008b800000, 0x000000008b800000| Complete 
| 119|0x000000008b900000, 0x000000008ba00000, 0x000000008ba00000|100%| E|CS|TAMS 0x000000008b900000, 0x000000008b900000| Complete 
| 120|0x000000008ba00000, 0x000000008bb00000, 0x000000008bb00000|100%| E|CS|TAMS 0x000000008ba00000, 0x000000008ba00000| Complete 
| 121|0x000000008bb00000, 0x000000008bc00000, 0x000000008bc00000|100%| E|CS|TAMS 0x000000008bb00000, 0x000000008bb00000| Complete 
| 122|0x000000008bc00000, 0x000000008bd00000, 0x000000008bd00000|100%| E|CS|TAMS 0x000000008bc00000, 0x000000008bc00000| Complete 
| 123|0x000000008bd00000, 0x000000008be00000, 0x000000008be00000|100%| E|CS|TAMS 0x000000008bd00000, 0x000000008bd00000| Complete 

Card table byte_map: [0x000001aea1800000,0x000001aea1be0000] _byte_map_base: 0x000001aea13df000

Marking Bits (Prev, Next): (CMBitMap*) 0x000001ae89779a00, (CMBitMap*) 0x000001ae89779a40
 Prev Bits: [0x000001aea1fc0000, 0x000001aea3eb8000)
 Next Bits: [0x000001aea3ec0000, 0x000001aea5db8000)

Polling page: 0x000001ae88030000

Metaspace:

Usage:
  Non-class:      2.87 MB used.
      Class:    361.14 KB used.
       Both:      3.22 MB used.

Virtual space:
  Non-class space:       64.00 MB reserved,       2.94 MB (  5%) committed,  1 nodes.
      Class space:        1.00 GB reserved,     448.00 KB ( <1%) committed,  1 nodes.
             Both:        1.06 GB reserved,       3.38 MB ( <1%) committed. 

Chunk freelists:
   Non-Class:  2.86 MB
       Class:  3.53 MB
        Both:  6.39 MB

MaxMetaspaceSize: unlimited
CompressedClassSpaceSize: 1.00 GB
Initial GC threshold: 21.00 MB
Current GC threshold: 21.00 MB
CDS: on
MetaspaceReclaimPolicy: balanced
 - commit_granule_bytes: 65536.
 - commit_granule_words: 8192.
 - virtual_space_node_default_size: 8388608.
 - enlarge_chunks_in_place: 1.
 - new_chunks_are_fully_committed: 0.
 - uncommit_free_chunks: 1.
 - use_allocation_guard: 0.


Internal statistics:

num_allocs_failed_limit: 0.
num_arena_births: 68.
num_arena_deaths: 0.
num_vsnodes_births: 2.
num_vsnodes_deaths: 0.
num_space_committed: 54.
num_space_uncommitted: 0.
num_chunks_returned_to_freelist: 0.
num_chunks_taken_from_freelist: 164.
num_chunk_merges: 0.
num_chunk_splits: 88.
num_chunks_enlarged: 55.
num_inconsistent_stats: 0.

CodeHeap 'non-profiled nmethods': size=120000Kb used=260Kb max_used=260Kb free=119739Kb
 bounds [0x000001ae99490000, 0x000001ae99700000, 0x000001aea09c0000]
CodeHeap 'profiled nmethods': size=120000Kb used=1313Kb max_used=1313Kb free=118686Kb
 bounds [0x000001ae919c0000, 0x000001ae91c30000, 0x000001ae98ef0000]
CodeHeap 'non-nmethods': size=5760Kb used=1239Kb max_used=1268Kb free=4520Kb
 bounds [0x000001ae98ef0000, 0x000001ae99160000, 0x000001ae99490000]
 total_blobs=1221 nmethods=791 adapters=341
 compilation: enabled
              stopped_count=0, restarted_count=0
 full_count=0

Compilation events (20 events):
Event: 0.430 Thread 0x000001aead210e10  781       4       jdk.internal.org.objectweb.asm.Symbol::<init> (38 bytes)
Event: 0.430 Thread 0x000001aeacf92150  782       4       jdk.internal.org.objectweb.asm.SymbolTable::put (150 bytes)
Event: 0.430 Thread 0x000001aeacfa0fe0  783       3       java.lang.invoke.MethodHandles$Lookup::hasFullPrivilegeAccess (18 bytes)
Event: 0.431 Thread 0x000001aeacfa0fe0 nmethod 783 0x000001ae91b03890 code [0x000001ae91b03a20, 0x000001ae91b03b98]
Event: 0.431 Thread 0x000001aeacfa0fe0  784       3       java.lang.invoke.MethodType::insertParameterTypes (121 bytes)
Event: 0.432 Thread 0x000001aeacfa0fe0 nmethod 784 0x000001ae91b03c10 code [0x000001ae91b03f00, 0x000001ae91b04e08]
Event: 0.432 Thread 0x000001aead210e10 nmethod 781 0x000001ae994cfb10 code [0x000001ae994cfc80, 0x000001ae994cff98]
Event: 0.433 Thread 0x000001aeacf92150 nmethod 782 0x000001ae994d0010 code [0x000001ae994d01a0, 0x000001ae994d04b8]
Event: 0.434 Thread 0x000001aeacfa0fe0  785       3       java.util.zip.ZipFile$ZipFileInflaterInputStream::<init> (14 bytes)
Event: 0.434 Thread 0x000001aeacfa0fe0 nmethod 785 0x000001ae91b05390 code [0x000001ae91b05540, 0x000001ae91b056f8]
Event: 0.434 Thread 0x000001aeacfa0fe0  786   !   3       java.util.zip.ZipFile$CleanableResource::getInflater (47 bytes)
Event: 0.434 Thread 0x000001aeacfa0fe0 nmethod 786 0x000001ae91b05810 code [0x000001ae91b05a00, 0x000001ae91b05f38]
Event: 0.434 Thread 0x000001aeacfa0fe0  788       3       java.lang.invoke.MemberName::<init> (139 bytes)
Event: 0.435 Thread 0x000001aeacfa0fe0 nmethod 788 0x000001ae91b06190 code [0x000001ae91b064a0, 0x000001ae91b07668]
Event: 0.435 Thread 0x000001aeacfa0fe0  787       3       java.util.zip.ZipFile$InflaterCleanupAction::<init> (15 bytes)
Event: 0.435 Thread 0x000001aeacfa0fe0 nmethod 787 0x000001ae91b07b90 code [0x000001ae91b07d40, 0x000001ae91b07f58]
Event: 0.437 Thread 0x000001aeacf92150  789 %     4       java.lang.StringUTF16::compress @ 3 (50 bytes)
Event: 0.439 Thread 0x000001aeacfa0fe0  791       3       java.lang.invoke.MethodHandles$Lookup$ClassFile::readUnsignedShort (39 bytes)
Event: 0.439 Thread 0x000001aeacfa0fe0 nmethod 791 0x000001ae91b08010 code [0x000001ae91b081c0, 0x000001ae91b083c8]
Event: 0.439 Thread 0x000001aeacfa0fe0  792       3       jdk.internal.org.objectweb.asm.ClassReader::<init> (371 bytes)

GC Heap History (0 events):
No events

Dll operation events (10 events):
Event: 0.009 Loaded shared library C:\Users\farhan.fadhilah\.jdks\openjdk-19.0.1\bin\java.dll
Event: 0.027 Loaded shared library C:\Users\farhan.fadhilah\.jdks\openjdk-19.0.1\bin\jsvml.dll
Event: 0.138 Loaded shared library C:\Users\farhan.fadhilah\.jdks\openjdk-19.0.1\bin\zip.dll
Event: 0.141 Loaded shared library C:\Users\farhan.fadhilah\.jdks\openjdk-19.0.1\bin\instrument.dll
Event: 0.150 Loaded shared library C:\Users\farhan.fadhilah\.jdks\openjdk-19.0.1\bin\net.dll
Event: 0.152 Loaded shared library C:\Users\farhan.fadhilah\.jdks\openjdk-19.0.1\bin\nio.dll
Event: 0.155 Loaded shared library C:\Users\farhan.fadhilah\.jdks\openjdk-19.0.1\bin\zip.dll
Event: 0.168 Loaded shared library C:\Program Files\JetBrains\IntelliJ IDEA Community Edition 2022.3.1\bin\breakgen64.dll
Event: 0.179 Loaded shared library C:\Users\farhan.fadhilah\.jdks\openjdk-19.0.1\bin\extnet.dll
Event: 0.262 Loaded shared library C:\Users\farhan.fadhilah\.jdks\openjdk-19.0.1\bin\jimage.dll

Deoptimization events (20 events):
Event: 0.186 Thread 0x000001ae8971c7e0 DEOPT PACKING pc=0x000001ae919eb78c sp=0x0000001427ef9f40
Event: 0.186 Thread 0x000001ae8971c7e0 DEOPT UNPACKING pc=0x000001ae98f5b0e3 sp=0x0000001427ef93d0 mode 0
Event: 0.188 Thread 0x000001ae8971c7e0 DEOPT PACKING pc=0x000001ae919eb78c sp=0x0000001427ef9f40
Event: 0.188 Thread 0x000001ae8971c7e0 DEOPT UNPACKING pc=0x000001ae98f5b0e3 sp=0x0000001427ef93d0 mode 0
Event: 0.188 Thread 0x000001ae8971c7e0 DEOPT PACKING pc=0x000001ae919eb78c sp=0x0000001427ef9f40
Event: 0.188 Thread 0x000001ae8971c7e0 DEOPT UNPACKING pc=0x000001ae98f5b0e3 sp=0x0000001427ef93d0 mode 0
Event: 0.188 Thread 0x000001ae8971c7e0 DEOPT PACKING pc=0x000001ae919eb78c sp=0x0000001427ef9f40
Event: 0.188 Thread 0x000001ae8971c7e0 DEOPT UNPACKING pc=0x000001ae98f5b0e3 sp=0x0000001427ef93d0 mode 0
Event: 0.199 Thread 0x000001ae8971c7e0 DEOPT PACKING pc=0x000001ae919d16e7 sp=0x0000001427efa260
Event: 0.199 Thread 0x000001ae8971c7e0 DEOPT UNPACKING pc=0x000001ae98f5b0e3 sp=0x0000001427ef9680 mode 0
Event: 0.278 Thread 0x000001ae8971c7e0 Uncommon trap: trap_request=0xffffff45 fr.pc=0x000001ae994abd04 relative=0x0000000000000064
Event: 0.278 Thread 0x000001ae8971c7e0 Uncommon trap: reason=unstable_if action=reinterpret pc=0x000001ae994abd04 method=java.io.WinNTFileSystem.isSlash(C)Z @ 9 c2
Event: 0.278 Thread 0x000001ae8971c7e0 DEOPT PACKING pc=0x000001ae994abd04 sp=0x0000001427efe460
Event: 0.278 Thread 0x000001ae8971c7e0 DEOPT UNPACKING pc=0x000001ae98f5a5a3 sp=0x0000001427efe3e8 mode 2
Event: 0.313 Thread 0x000001ae8971c7e0 Uncommon trap: trap_request=0xffffff45 fr.pc=0x000001ae9949ee3c relative=0x0000000000000a9c
Event: 0.313 Thread 0x000001ae8971c7e0 Uncommon trap: reason=unstable_if action=reinterpret pc=0x000001ae9949ee3c method=java.util.HashMap.putVal(ILjava/lang/Object;Ljava/lang/Object;ZZ)Ljava/lang/Object; @ 181 c2
Event: 0.313 Thread 0x000001ae8971c7e0 DEOPT PACKING pc=0x000001ae9949ee3c sp=0x0000001427efde00
Event: 0.313 Thread 0x000001ae8971c7e0 DEOPT UNPACKING pc=0x000001ae98f5a5a3 sp=0x0000001427efddc0 mode 2
Event: 0.348 Thread 0x000001ae8971c7e0 DEOPT PACKING pc=0x000001ae91a33ce5 sp=0x0000001427efc3a0
Event: 0.348 Thread 0x000001ae8971c7e0 DEOPT UNPACKING pc=0x000001ae98f5b0e3 sp=0x0000001427efb818 mode 0

Classes loaded (20 events):
Event: 0.381 Loading class java/lang/reflect/ProxyGenerator
Event: 0.382 Loading class java/lang/reflect/ProxyGenerator done
Event: 0.382 Loading class java/lang/reflect/ProxyGenerator$ProxyMethod
Event: 0.382 Loading class java/lang/reflect/ProxyGenerator$ProxyMethod done
Event: 0.383 Loading class java/lang/reflect/ProxyGenerator$PrimitiveTypeInfo
Event: 0.383 Loading class java/lang/reflect/ProxyGenerator$PrimitiveTypeInfo done
Event: 0.383 Loading class jdk/internal/org/objectweb/asm/Edge
Event: 0.383 Loading class jdk/internal/org/objectweb/asm/Edge done
Event: 0.385 Loading class java/lang/reflect/Proxy$ProxyBuilder$1
Event: 0.385 Loading class java/lang/reflect/Proxy$ProxyBuilder$1 done
Event: 0.393 Loading class java/lang/reflect/UndeclaredThrowableException
Event: 0.393 Loading class java/lang/reflect/UndeclaredThrowableException done
Event: 0.394 Loading class java/lang/IllegalAccessException
Event: 0.394 Loading class java/lang/IllegalAccessException done
Event: 0.397 Loading class java/lang/Class$AnnotationData
Event: 0.397 Loading class java/lang/Class$AnnotationData done
Event: 0.421 Loading class java/lang/annotation/Repeatable
Event: 0.421 Loading class java/lang/annotation/Repeatable done
Event: 0.431 Loading class java/lang/invoke/MethodHandle$1
Event: 0.431 Loading class java/lang/invoke/MethodHandle$1 done

Classes unloaded (0 events):
No events

Classes redefined (0 events):
No events

Internal exceptions (20 events):
Event: 0.180 Thread 0x000001aead233950 Exception <a 'java/lang/NoSuchMethodError'{0x000000008bbf3778}: 'void java.lang.invoke.DirectMethodHandle$Holder.invokeStatic(java.lang.Object, java.lang.Object)'> (0x000000008bbf3778) 
thrown [s\open\src\hotspot\share\interpreter\linkResolver.cpp, line 774]
Event: 0.232 Thread 0x000001ae8971c7e0 Exception <a 'java/lang/NoSuchMethodError'{0x000000008b87dbb0}: 'java.lang.Object java.lang.invoke.DirectMethodHandle$Holder.invokeStaticInit(java.lang.Object, int)'> (0x000000008b87dbb0) 
thrown [s\open\src\hotspot\share\interpreter\linkResolver.cpp, line 774]
Event: 0.240 Thread 0x000001ae8971c7e0 Exception <a 'java/lang/NoSuchMethodError'{0x000000008b8ab658}: 'long java.lang.invoke.DirectMethodHandle$Holder.invokeSpecial(java.lang.Object, java.lang.Object)'> (0x000000008b8ab658) 
thrown [s\open\src\hotspot\share\interpreter\linkResolver.cpp, line 774]
Event: 0.241 Thread 0x000001ae8971c7e0 Exception <a 'java/lang/NoSuchMethodError'{0x000000008b8aee18}: 'long java.lang.invoke.Invokers$Holder.invokeExact_MT(java.lang.Object, java.lang.Object)'> (0x000000008b8aee18) 
thrown [s\open\src\hotspot\share\interpreter\linkResolver.cpp, line 774]
Event: 0.247 Thread 0x000001ae8971c7e0 Exception <a 'java/lang/NoSuchMethodError'{0x000000008b8c65a8}: 'java.lang.Object java.lang.invoke.DirectMethodHandle$Holder.invokeInterface(java.lang.Object, java.lang.Object)'> (0x000000008b8c65a8) 
thrown [s\open\src\hotspot\share\interpreter\linkResolver.cpp, line 774]
Event: 0.302 Thread 0x000001ae8971c7e0 Exception <a 'java/lang/NoSuchMethodError'{0x000000008b65ec88}: 'java.lang.Object java.lang.invoke.DirectMethodHandle$Holder.invokeVirtual(java.lang.Object, java.lang.Object, java.lang.Object)'> (0x000000008b65ec88) 
thrown [s\open\src\hotspot\share\interpreter\linkResolver.cpp, line 774]
Event: 0.311 Thread 0x000001ae8971c7e0 Exception <a 'java/lang/NoSuchMethodError'{0x000000008b6d9418}: 'java.lang.Object java.lang.invoke.DirectMethodHandle$Holder.invokeStaticInit(java.lang.Object, java.lang.Object, java.lang.Object)'> (0x000000008b6d9418) 
thrown [s\open\src\hotspot\share\interpreter\linkResolver.cpp, line 774]
Event: 0.312 Thread 0x000001ae8971c7e0 Exception <a 'java/lang/NoSuchMethodError'{0x000000008b6e0978}: 'void java.lang.invoke.DirectMethodHandle$Holder.invokeStaticInit(java.lang.Object, java.lang.Object, java.lang.Object)'> (0x000000008b6e0978) 
thrown [s\open\src\hotspot\share\interpreter\linkResolver.cpp, line 774]
Event: 0.330 Thread 0x000001ae8971c7e0 Exception <a 'java/lang/NoSuchMethodError'{0x000000008b573cb8}: 'int java.lang.invoke.DirectMethodHandle$Holder.invokeVirtual(java.lang.Object, java.lang.Object)'> (0x000000008b573cb8) 
thrown [s\open\src\hotspot\share\interpreter\linkResolver.cpp, line 774]
Event: 0.347 Thread 0x000001ae8971c7e0 Exception <a 'java/lang/NoSuchMethodError'{0x000000008b5f0e88}: 'int java.lang.invoke.DirectMethodHandle$Holder.invokeSpecialIFC(java.lang.Object, java.lang.Object, java.lang.Object, java.lang.Object)'> (0x000000008b5f0e88) 
thrown [s\open\src\hotspot\share\interpreter\linkResolver.cpp, line 774]
Event: 0.352 Thread 0x000001ae8971c7e0 Exception <a 'java/lang/NoSuchMethodError'{0x000000008b41daf8}: 'int java.lang.invoke.DirectMethodHandle$Holder.invokeSpecial(java.lang.Object, java.lang.Object, java.lang.Object)'> (0x000000008b41daf8) 
thrown [s\open\src\hotspot\share\interpreter\linkResolver.cpp, line 774]
Event: 0.361 Thread 0x000001ae8971c7e0 Exception <a 'java/lang/NoSuchMethodError'{0x000000008b487520}: 'void java.lang.invoke.DirectMethodHandle$Holder.invokeInterface(java.lang.Object, java.lang.Object)'> (0x000000008b487520) 
thrown [s\open\src\hotspot\share\interpreter\linkResolver.cpp, line 774]
Event: 0.362 Thread 0x000001ae8971c7e0 Exception <a 'java/lang/IncompatibleClassChangeError'{0x000000008b48aab8}: Found class java.lang.Object, but interface was expected> (0x000000008b48aab8) 
thrown [s\open\src\hotspot\share\interpreter\linkResolver.cpp, line 841]
Event: 0.386 Thread 0x000001ae8971c7e0 Exception <a 'java/lang/NoSuchMethodError'{0x000000008b3435b0}: 'java.lang.Object java.lang.invoke.DirectMethodHandle$Holder.newInvokeSpecial(java.lang.Object, java.lang.Object, java.lang.Object, java.lang.Object, java.lang.Object)'> (0x000000008b3435b0) 
thrown [s\open\src\hotspot\share\interpreter\linkResolver.cpp, line 774]
Event: 0.401 Thread 0x000001ae8971c7e0 Exception <a 'java/lang/NoSuchMethodError'{0x000000008b3bb580}: 'java.lang.Object java.lang.invoke.DirectMethodHandle$Holder.newInvokeSpecial(java.lang.Object, java.lang.Object, java.lang.Object, java.lang.Object, java.lang.Object, java.lang.Object)'> (0x000000008b3bb580) 
thrown [s\open\src\hotspot\share\interpreter\linkResolver.cpp, line 774]
Event: 0.427 Thread 0x000001ae8971c7e0 Exception <a 'java/lang/NoSuchMethodError'{0x000000008b2a58f8}: 'java.lang.Object java.lang.invoke.DirectMethodHandle$Holder.invokeSpecialIFC(java.lang.Object, java.lang.Object, java.lang.Object, java.lang.Object)'> (0x000000008b2a58f8) 
thrown [s\open\src\hotspot\share\interpreter\linkResolver.cpp, line 774]
Event: 0.430 Thread 0x000001ae8971c7e0 Exception <a 'java/lang/NoSuchMethodError'{0x000000008b2bc430}: 'java.lang.Object java.lang.invoke.DirectMethodHandle$Holder.invokeInterface(java.lang.Object, java.lang.Object, java.lang.Object)'> (0x000000008b2bc430) 
thrown [s\open\src\hotspot\share\interpreter\linkResolver.cpp, line 774]
Event: 0.431 Thread 0x000001ae8971c7e0 Exception <a 'java/lang/NoSuchMethodError'{0x000000008b2cf9e8}: 'void java.lang.invoke.DirectMethodHandle$Holder.invokeSpecial(java.lang.Object, java.lang.Object, java.lang.Object)'> (0x000000008b2cf9e8) 
thrown [s\open\src\hotspot\share\interpreter\linkResolver.cpp, line 774]
Event: 0.438 Thread 0x000001ae8971c7e0 Exception <a 'java/lang/NoSuchMethodError'{0x000000008b120ef8}: 'void java.lang.invoke.DirectMethodHandle$Holder.invokeInterface(java.lang.Object, java.lang.Object, java.lang.Object, java.lang.Object, java.lang.Object)'> (0x000000008b120ef8) 
thrown [s\open\src\hotspot\share\interpreter\linkResolver.cpp, line 774]
Event: 0.439 Thread 0x000001ae8971c7e0 Exception <a 'java/lang/IncompatibleClassChangeError'{0x000000008b124e80}: Found class java.lang.Object, but interface was expected> (0x000000008b124e80) 
thrown [s\open\src\hotspot\share\interpreter\linkResolver.cpp, line 841]

VM Operations (10 events):
Event: 0.121 Executing VM operation: HandshakeAllThreads
Event: 0.121 Executing VM operation: HandshakeAllThreads done
Event: 0.172 Executing VM operation: HandshakeAllThreads
Event: 0.172 Executing VM operation: HandshakeAllThreads done
Event: 0.228 Executing VM operation: HandshakeAllThreads
Event: 0.228 Executing VM operation: HandshakeAllThreads done
Event: 0.277 Executing VM operation: HandshakeAllThreads
Event: 0.278 Executing VM operation: HandshakeAllThreads done
Event: 0.314 Executing VM operation: HandshakeAllThreads
Event: 0.314 Executing VM operation: HandshakeAllThreads done

Events (14 events):
Event: 0.028 Thread 0x000001ae8971c7e0 Thread added: 0x000001ae8971c7e0
Event: 0.052 Thread 0x000001aeacf829b0 Thread added: 0x000001aeacf829b0
Event: 0.052 Thread 0x000001aeacf832e0 Thread added: 0x000001aeacf832e0
Event: 0.052 Thread 0x000001aeacf88080 Thread added: 0x000001aeacf88080
Event: 0.052 Thread 0x000001aeacf88aa0 Thread added: 0x000001aeacf88aa0
Event: 0.052 Thread 0x000001aeacf894c0 Thread added: 0x000001aeacf894c0
Event: 0.052 Thread 0x000001aeacf89ee0 Thread added: 0x000001aeacf89ee0
Event: 0.052 Thread 0x000001aeacf92150 Thread added: 0x000001aeacf92150
Event: 0.053 Thread 0x000001aeacfa0fe0 Thread added: 0x000001aeacfa0fe0
Event: 0.053 Thread 0x000001aeacfcba50 Thread added: 0x000001aeacfcba50
Event: 0.114 Thread 0x000001aea8233bc0 Thread added: 0x000001aea8233bc0
Event: 0.169 Thread 0x000001aead233950 Thread added: 0x000001aead233950
Event: 0.169 Thread 0x000001aead17dd70 Thread added: 0x000001aead17dd70
Event: 0.199 Thread 0x000001aead210e10 Thread added: 0x000001aead210e10


Dynamic libraries:
0x00007ff7ba1d0000 - 0x00007ff7ba1de000 	C:\Users\farhan.fadhilah\.jdks\openjdk-19.0.1\bin\java.exe
0x00007ff982d60000 - 0x00007ff982f69000 	C:\Windows\SYSTEM32\ntdll.dll
0x00007ff982210000 - 0x00007ff9822ce000 	C:\Windows\System32\KERNEL32.DLL
0x00007ff9802d0000 - 0x00007ff98064b000 	C:\Windows\System32\KERNELBASE.dll
0x00007ff980930000 - 0x00007ff980a41000 	C:\Windows\System32\ucrtbase.dll
0x00007ff979020000 - 0x00007ff97903b000 	C:\Users\farhan.fadhilah\.jdks\openjdk-19.0.1\bin\VCRUNTIME140.dll
0x00007ff979040000 - 0x00007ff979057000 	C:\Users\farhan.fadhilah\.jdks\openjdk-19.0.1\bin\jli.dll
0x00007ff982b70000 - 0x00007ff982d1d000 	C:\Windows\System32\USER32.dll
0x00007ff966890000 - 0x00007ff966b35000 	C:\Windows\WinSxS\amd64_microsoft.windows.common-controls_6595b64144ccf1df_6.0.22000.120_none_9d947278b86cc467\COMCTL32.dll
0x00007ff9806d0000 - 0x00007ff9806f6000 	C:\Windows\System32\win32u.dll
0x00007ff981760000 - 0x00007ff981803000 	C:\Windows\System32\msvcrt.dll
0x00007ff981810000 - 0x00007ff981839000 	C:\Windows\System32\GDI32.dll
0x00007ff980ac0000 - 0x00007ff980bd8000 	C:\Windows\System32\gdi32full.dll
0x00007ff980230000 - 0x00007ff9802cd000 	C:\Windows\System32\msvcp_win.dll
0x00007ff980be0000 - 0x00007ff980c12000 	C:\Windows\System32\IMM32.DLL
0x00007ff946960000 - 0x00007ff946a04000 	C:\Program Files\McAfee\Endpoint Security\Threat Prevention\Ips\EpMPApi.dll
0x00007ff981450000 - 0x00007ff981570000 	C:\Windows\System32\RPCRT4.dll
0x00007ff982450000 - 0x00007ff9824fe000 	C:\Windows\System32\ADVAPI32.dll
0x00007ff981600000 - 0x00007ff98169e000 	C:\Windows\System32\sechost.dll
0x00007ff980a50000 - 0x00007ff980ab8000 	C:\Windows\System32\WINTRUST.dll
0x00007ff980700000 - 0x00007ff980862000 	C:\Windows\System32\CRYPT32.dll
0x00007ff97fae0000 - 0x00007ff97faf2000 	C:\Windows\SYSTEM32\MSASN1.dll
0x0000000063040000 - 0x000000006304c000 	C:\Program Files\McAfee\Endpoint Security\Threat Prevention\Ips\EpMPThe.dll
0x00007ff946200000 - 0x00007ff946258000 	C:\Program Files\McAfee\Endpoint Security\Threat Prevention\Ips\HIPHandlers64.dll
0x00007ff981840000 - 0x00007ff98189d000 	C:\Windows\System32\SHLWAPI.dll
0x00007ff97dd10000 - 0x00007ff97df31000 	C:\Windows\SYSTEM32\dbghelp.dll
0x00007ff97a940000 - 0x00007ff97a94c000 	C:\Users\farhan.fadhilah\.jdks\openjdk-19.0.1\bin\vcruntime140_1.dll
0x00007ff96fb10000 - 0x00007ff96fb9e000 	C:\Users\farhan.fadhilah\.jdks\openjdk-19.0.1\bin\msvcp140.dll
0x00007ff92c310000 - 0x00007ff92cfd0000 	C:\Users\farhan.fadhilah\.jdks\openjdk-19.0.1\bin\server\jvm.dll
0x00007ff978490000 - 0x00007ff978499000 	C:\Windows\SYSTEM32\WSOCK32.dll
0x00007ff9742c0000 - 0x00007ff9742ca000 	C:\Windows\SYSTEM32\VERSION.dll
0x00007ff9791f0000 - 0x00007ff979223000 	C:\Windows\SYSTEM32\WINMM.dll
0x00007ff9813e0000 - 0x00007ff98144f000 	C:\Windows\System32\WS2_32.dll
0x00007ff97f3a0000 - 0x00007ff97f3b8000 	C:\Windows\SYSTEM32\kernel.appcore.dll
0x00007ff979070000 - 0x00007ff97907a000 	C:\Users\farhan.fadhilah\.jdks\openjdk-19.0.1\bin\jimage.dll
0x00007ff979180000 - 0x00007ff9791b1000 	C:\Windows\SYSTEM32\dbgcore.DLL
0x00007ff980650000 - 0x00007ff9806cf000 	C:\Windows\System32\bcryptPrimitives.dll
0x00007ff9780a0000 - 0x00007ff9780ae000 	C:\Users\farhan.fadhilah\.jdks\openjdk-19.0.1\bin\instrument.dll
0x00007ff9780c0000 - 0x00007ff9780e6000 	C:\Users\farhan.fadhilah\.jdks\openjdk-19.0.1\bin\java.dll
0x00007ff96fa30000 - 0x00007ff96fb07000 	C:\Users\farhan.fadhilah\.jdks\openjdk-19.0.1\bin\jsvml.dll
0x00007ff980c20000 - 0x00007ff9813d7000 	C:\Windows\System32\SHELL32.dll
0x00007ff97e330000 - 0x00007ff97eb95000 	C:\Windows\SYSTEM32\windows.storage.dll
0x00007ff97e1c0000 - 0x00007ff97e326000 	C:\Windows\SYSTEM32\wintypes.dll
0x000001aeacc00000 - 0x000001aeacf78000 	C:\Windows\System32\combase.dll
0x00007ff9819c0000 - 0x00007ff981aaa000 	C:\Windows\System32\SHCORE.dll
0x00007ff980160000 - 0x00007ff980181000 	C:\Windows\SYSTEM32\profapi.dll
0x00007ff974650000 - 0x00007ff974668000 	C:\Users\farhan.fadhilah\.jdks\openjdk-19.0.1\bin\zip.dll
0x00007ff977ca0000 - 0x00007ff977cb3000 	C:\Users\farhan.fadhilah\.jdks\openjdk-19.0.1\bin\net.dll
0x00007ff975e50000 - 0x00007ff975f64000 	C:\Windows\SYSTEM32\WINHTTP.dll
0x00007ff97f840000 - 0x00007ff97f8a7000 	C:\Windows\system32\mswsock.dll
0x00007ff976a50000 - 0x00007ff976a66000 	C:\Users\farhan.fadhilah\.jdks\openjdk-19.0.1\bin\nio.dll
0x00007ff974020000 - 0x00007ff97403a000 	C:\Program Files\JetBrains\IntelliJ IDEA Community Edition 2022.3.1\bin\breakgen64.dll
0x00007ff978090000 - 0x00007ff978098000 	C:\Users\farhan.fadhilah\.jdks\openjdk-19.0.1\bin\extnet.dll

dbghelp: loaded successfully - version: 4.0.5 - missing functions: none
symbol engine: initialized successfully - sym options: 0x614 - pdb path: .;C:\Users\farhan.fadhilah\.jdks\openjdk-19.0.1\bin;C:\Windows\SYSTEM32;C:\Windows\WinSxS\amd64_microsoft.windows.common-controls_6595b64144ccf1df_6.0.22000.120_none_9d947278b86cc467;C:\Program Files\McAfee\Endpoint Security\Threat Prevention\Ips;C:\Users\farhan.fadhilah\.jdks\openjdk-19.0.1\bin\server;C:\Program Files\JetBrains\IntelliJ IDEA Community Edition 2022.3.1\bin

VM Arguments:
jvm_args: -ea -Didea.test.cyclic.buffer.size=1048576 -javaagent:C:\Program Files\JetBrains\IntelliJ IDEA Community Edition 2022.3.1\lib\idea_rt.jar=60633:C:\Program Files\JetBrains\IntelliJ IDEA Community Edition 2022.3.1\bin -Dfile.encoding=UTF-8 -Dsun.stdout.encoding=UTF-8 -Dsun.stderr.encoding=UTF-8 
java_command: com.intellij.rt.junit.JUnitStarter -ideVersion5 -junit5 belajarspringboot.belajarspringdasar.core.ComponentTest,testFieldDependencyInjection
java_class_path (initial): C:\Users\farhan.fadhilah\.m2\repository\org\junit\platform\junit-platform-launcher\1.9.1\junit-platform-launcher-1.9.1.jar;C:\Program Files\JetBrains\IntelliJ IDEA Community Edition 2022.3.1\lib\idea_rt.jar;C:\Program Files\JetBrains\IntelliJ IDEA Community Edition 2022.3.1\plugins\junit\lib\junit5-rt.jar;C:\Program Files\JetBrains\IntelliJ IDEA Community Edition 2022.3.1\plugins\junit\lib\junit-rt.jar;E:\Farhan\Spring Boot\belajar-spring-dasar\target\test-classes;E:\Farhan\Spring Boot\belajar-spring-dasar\target\classes;C:\Users\farhan.fadhilah\.m2\repository\org\springframework\boot\spring-boot-starter\3.0.1\spring-boot-starter-3.0.1.jar;C:\Users\farhan.fadhilah\.m2\repository\org\springframework\boot\spring-boot\3.0.1\spring-boot-3.0.1.jar;C:\Users\farhan.fadhilah\.m2\repository\org\springframework\spring-context\6.0.3\spring-context-6.0.3.jar;C:\Users\farhan.fadhilah\.m2\repository\org\springframework\spring-aop\6.0.3\spring-aop-6.0.3.jar;C:\Users\farhan.fadhilah\.m2\repository\org\springframework\spring-beans\6.0.3\spring-beans-6.0.3.jar;C:\Users\farhan.fadhilah\.m2\repository\org\springframework\spring-expression\6.0.3\spring-expression-6.0.3.jar;C:\Users\farhan.fadhilah\.m2\repository\org\springframework\boot\spring-boot-autoconfigure\3.0.1\spring-boot-autoconfigure-3.0.1.jar;C:\Users\farhan.fadhilah\.m2\repository\org\springframework\boot\spring-boot-starter-logging\3.0.1\spring-boot-starter-logging-3.0.1.jar;C:\Users\farhan.fadhilah\.m2\repository\ch\qos\logback\logback-classic\1.4.5\logback-classic-1.4.5.jar;C:\Users\farhan.fadhilah\.m2\repository\ch\qos\logback\logback-core\1.4.5\logback-core-1.4.5.jar;C:\Users\farhan.fadhilah\.m2\repository\org\apache\logging\log4j\log4j-to-slf4j\2.19.0\log4j-to-slf4j-2.19.0.jar;C:\Users\farhan.fadhilah\.m2\repository\org\apache\logging\log4j\log4j-api\2.19.0\log4j-api-2.19.0.jar;C:\Users\farhan.fadhilah\.m2\repository\org\slf4j\jul-to-slf4j\2.0.6\jul-to-slf4j-2.0.6.jar;C:\Users\farhan.fadhilah\.m2\repository\jakarta\annotation\jakarta.annotation-api\2.1.1\jakarta.annotation-api-2.1.1.jar;C:\Users\farhan.fadhilah\.m2\repository\org\springframework\spring-core\6.0.3\spring-core-6.0.3.jar;C:\Users\farhan.fadhilah\.m2\repository\org\springframework\spring-jcl\6.0.3\spring-jcl-6.0.3.jar;C:\Users\farhan.fadhilah\.m2\repository\org\yaml\snakeyaml\1.33\snakeyaml-1.33.jar;C:\Users\farhan.fadhilah\.m2\repository\org\projectlombok\lombok\1.18.24\lombok-1.18.24.jar;C:\Users\farhan.fadhilah\.m2\repository\org\springframework\boot\spring-boot-starter-test\3.0.1\spring-boot-starter-test-3.0.1.jar;C:\Users\farhan.fadhilah\.m2\repository\org\springframework\boot\spring-boot-test\3.0.1\spring-boot-test-3.0.1.jar;C:\Users\farhan.fadhilah\.m2\repository\org\springframework\boot\spring-boot-test-autoconfigure\3.0.1\spring-boot-test-autoconfigure-3.0.1.jar;C:\Users\farhan.fadhilah\.m2\repository\com\jayway\jsonpath\json-path\2.7.0\json-path-2.7.0.jar;C:\Users\farhan.fadhilah\.m2\repository\net\minidev\json-smart\2.4.8\json-smart-2.4.8.jar;C:\Users\farhan.fadhilah\.m2\repository\net\minidev\accessors-smart\2.4.8\accessors-smart-2.4.8.jar;C:\Users\farhan.fadhilah\.m2\repository\org\ow2\asm\asm\9.1\asm-9.1.jar;C:\Users\farhan.fadhilah\.m2\repository\org\slf4j\slf4j-api\2.0.6\slf4j-api-2.0.6.jar;C:\Users\farhan.fadhilah\.m2\repository\jakarta\xml\bind\jakarta.xml.bind-api\4.0.0\jakarta.xml.bind-api-4.0.0.jar;C:\Users\farhan.fadhilah\.m2\repository\jakarta\activation\jakarta.activation-api\2.1.0\jakarta.activation-api-2.1.0.jar;C:\Users\farhan.fadhilah\.m2\repository\org\assertj\assertj-core\3.23.1\assertj-core-3.23.1.jar;C:\Users\farhan.fadhilah\.m2\repository\net\bytebuddy\byte-buddy\1.12.20\byte-buddy-1.12.20.jar;C:\Users\farhan.fadhilah\.m2\repository\org\hamcrest\hamcrest\2.2\hamcrest-2.2.jar;C:\Users\farhan.fadhilah\.m2\repository\org\junit\jupiter\junit-jupiter\5.9.1\junit-jupiter-5.9.1.jar;C:\Users\farhan.fadhilah\.m2\repository\org\junit\jupiter\junit-jupiter-api\5.9.1\junit-jupiter-api-5.9.1.jar;C:\Users\farhan.fadhilah\.m2\repository\org\opentest4j\opentest4j\1.2.0\opentest4j-1.2.0.jar;C:\Users\farhan.fadhilah\.m2\repository\org\junit\platform\junit-platform-commons\1.9.1\junit-platform-commons-1.9.1.jar;C:\Users\farhan.fadhilah\.m2\repository\org\apiguardian\apiguardian-api\1.1.2\apiguardian-api-1.1.2.jar;C:\Users\farhan.fadhilah\.m2\repository\org\junit\jupiter\junit-jupiter-params\5.9.1\junit-jupiter-params-5.9.1.jar;C:\Users\farhan.fadhilah\.m2\repository\org\junit\jupiter\junit-jupiter-engine\5.9.1\junit-jupiter-engine-5.9.1.jar;C:\Users\farhan.fadhilah\.m2\repository\org\junit\platform\junit-platform-engine\1.9.1\junit-platform-engine-1.9.1.jar;C:\Users\farhan.fadhilah\.m2\repository\org\mockito\mockito-core\4.8.1\mockito-core-4.8.1.jar;C:\Users\farhan.fadhilah\.m2\repository\net\bytebuddy\byte-buddy-agent\1.12.20\byte-buddy-agent-1.12.20.jar;C:\Users\farhan.fadhilah\.m2\repository\org\objenesis\objenesis\3.2\objenesis-3.2.jar;C:\Users\farhan.fadhilah\.m2\repository\org\mockito\mockito-junit-jupiter\4.8.1\mockito-junit-jupiter-4.8.1.jar;C:\Users\farhan.fadhilah\.m2\repository\org\skyscreamer\jsonassert\1.5.1\jsonassert-1.5.1.jar;C:\Users\farhan.fadhilah\.m2\repository\com\vaadin\external\google\android-json\0.0.20131108.vaadin1\android-json-0.0.20131108.vaadin1.jar;C:\Users\farhan.fadhilah\.m2\repository\org\springframework\spring-test\6.0.3\spring-test-6.0.3.jar;C:\Users\farhan.fadhilah\.m2\repository\org\xmlunit\xmlunit-core\2.9.0\xmlunit-core-2.9.0.jar
Launcher Type: SUN_STANDARD

[Global flags]
     intx CICompilerCount                          = 4                                         {product} {ergonomic}
     uint ConcGCThreads                            = 2                                         {product} {ergonomic}
     uint G1ConcRefinementThreads                  = 8                                         {product} {ergonomic}
   size_t G1HeapRegionSize                         = 1048576                                   {product} {ergonomic}
    uintx GCDrainStackTargetSize                   = 64                                        {product} {ergonomic}
   size_t InitialHeapSize                          = 130023424                                 {product} {ergonomic}
   size_t MarkStackSize                            = 4194304                                   {product} {ergonomic}
   size_t MaxHeapSize                              = 2078277632                                {product} {ergonomic}
   size_t MaxNewSize                               = 1246756864                                {product} {ergonomic}
   size_t MinHeapDeltaBytes                        = 1048576                                   {product} {ergonomic}
   size_t MinHeapSize                              = 8388608                                   {product} {ergonomic}
    uintx NonNMethodCodeHeapSize                   = 5839372                                {pd product} {ergonomic}
    uintx NonProfiledCodeHeapSize                  = 122909434                              {pd product} {ergonomic}
    uintx ProfiledCodeHeapSize                     = 122909434                              {pd product} {ergonomic}
    uintx ReservedCodeCacheSize                    = 251658240                              {pd product} {ergonomic}
     bool SegmentedCodeCache                       = true                                      {product} {ergonomic}
   size_t SoftMaxHeapSize                          = 2078277632                             {manageable} {ergonomic}
     bool UseCompressedClassPointers               = true                           {product lp64_product} {ergonomic}
     bool UseCompressedOops                        = true                           {product lp64_product} {ergonomic}
     bool UseG1GC                                  = true                                      {product} {ergonomic}
     bool UseLargePagesIndividualAllocation        = false                                  {pd product} {ergonomic}

Logging:
Log output configuration:
 #0: stdout all=warning uptime,level,tags foldmultilines=false
 #1: stderr all=off uptime,level,tags foldmultilines=false

Environment Variables:
PATH=E:\DevSuiteHome_1\jdk\jre\bin\classic;E:\DevSuiteHome_1\jdk\jre\bin;E:\DevSuiteHome_1\jdk\jre\bin\client;E:\DevSuiteHome_1\jlib;E:\DevSuiteHome_1\bin;E:\DevSuiteHome_1\jre\1.4.2\bin\client;E:\DevSuiteHome_1\jre\1.4.2\bin;C:\Windows\system32;C:\Windows;C:\Windows\System32\Wbem;C:\Windows\System32\WindowsPowerShell\v1.0\;C:\Windows\System32\OpenSSH\;C:\Program Files (x86)\NVIDIA Corporation\PhysX\Common;C:\Program Files\dotnet\;C:\Program Files (x86)\Microsoft SQL Server\Client SDK\ODBC\130\Tools\Binn\;C:\Program Files (x86)\Microsoft SQL Server\140\Tools\Binn\;C:\Program Files (x86)\Microsoft SQL Server\140\DTS\Binn\;C:\Program Files (x86)\Microsoft SQL Server\140\Tools\Binn\ManagementStudio\;C:\Program Files\Quest Software\instantclient_11_2;C:\Program Files\Git\cmd;E:\Flutter\Flutter SDK\bin;E:\Flutter\AndroidSDK\Android\Sdk;C:\Users\farhan.fadhilah\AppData\Local\Microsoft\WindowsApps;;C:\Users\farhan.fadhilah\AppData\Local\Programs\Microsoft VS Code\bin
USERNAME=farhan.fadhilah
OS=Windows_NT
PROCESSOR_IDENTIFIER=Intel64 Family 6 Model 140 Stepping 1, GenuineIntel
TMP=C:\Users\FARHAN~1.FAD\AppData\Local\Temp
TEMP=C:\Users\FARHAN~1.FAD\AppData\Local\Temp



---------------  S Y S T E M  ---------------

OS:
 Windows 11 , 64 bit Build 22000 (10.0.22000.1335)
OS uptime: 2 days 4:18 hours

CPU: total 8 (initial active 8) (4 cores per cpu, 2 threads per core) family 6 model 140 stepping 1 microcode 0xa4, cx8, cmov, fxsr, ht, mmx, 3dnowpref, sse, sse2, sse3, ssse3, sse4.1, sse4.2, popcnt, lzcnt, tsc, tscinvbit, avx, avx2, aes, erms, clmul, bmi1, bmi2, adx, avx512f, avx512dq, avx512cd, avx512bw, avx512vl, sha, fma, vzeroupper, avx512_vpopcntdq, avx512_vpclmulqdq, avx512_vaes, avx512_vnni, clflush, clflushopt, clwb, avx512_vbmi2, avx512_vbmi, rdtscp, rdpid, fsrm, gfni, avx512_bitalg

Memory: 4k page, system-wide physical 7926M (961M free)
TotalPageFile size 10926M (AvailPageFile size 2M)
current process WorkingSet (physical memory assigned to process): 61M, peak: 61M
current process commit charge ("private bytes"): 223M, peak: 223M

vm_info: OpenJDK 64-Bit Server VM (19.0.1+10-21) for windows-amd64 JRE (19.0.1+10-21), built on 2022-09-14T12:45:06Z by "mach5one" with MS VC++ 17.1 (VS2022)

END.
