#
# There is insufficient memory for the Java Runtime Environment to continue.
# Native memory allocation (mmap) failed to map 130023424 bytes for G1 virtual space
# Possible reasons:
#   The system is out of physical RAM or swap space
#   The process is running with CompressedOops enabled, and the Java Heap may be blocking the growth of the native heap
# Possible solutions:
#   Reduce memory load on the system
#   Increase physical memory or swap space
#   Check if swap backing store is full
#   Decrease Java heap size (-Xmx/-Xms)
#   Decrease number of Java threads
#   Decrease Java thread stack sizes (-Xss)
#   Set larger code cache with -XX:ReservedCodeCacheSize=
#   JVM is running with Unscaled Compressed Oops mode in which the Java heap is
#     placed in the first 4GB address space. The Java Heap base address is the
#     maximum limit for the native heap growth. Please use -XX:HeapBaseMinAddress
#     to set the Java Heap base and to place the Java Heap above 4GB virtual address.
# This output file may be truncated or incomplete.
#
#  Out of Memory Error (os_windows.cpp:3527), pid=15340, tid=2492
#
# JRE version:  (19.0.1+10) (build )
# Java VM: OpenJDK 64-Bit Server VM (19.0.1+10-21, mixed mode, sharing, tiered, compressed oops, compressed class ptrs, g1 gc, windows-amd64)
# No core dump will be written. Minidumps are not enabled by default on client versions of Windows
#

---------------  S U M M A R Y ------------

Command Line: -ea -Didea.test.cyclic.buffer.size=1048576 -javaagent:C:\Program Files\JetBrains\IntelliJ IDEA Community Edition 2022.3.1\lib\idea_rt.jar=58708:C:\Program Files\JetBrains\IntelliJ IDEA Community Edition 2022.3.1\bin -Dfile.encoding=UTF-8 -Dsun.stdout.encoding=UTF-8 -Dsun.stderr.encoding=UTF-8 com.intellij.rt.junit.JUnitStarter -ideVersion5 -junit5 belajarspringboot.belajarspringdasar.core.DependsOnTest

Host: 11th Gen Intel(R) Core(TM) i5-1135G7 @ 2.40GHz, 8 cores, 7G,  Windows 11 , 64 bit Build 22000 (10.0.22000.1335)
Time: Fri Dec 30 14:30:41 2022 SE Asia Standard Time elapsed time: 0.017348 seconds (0d 0h 0m 0s)

---------------  T H R E A D  ---------------

Current thread (0x000001dffb57d180):  JavaThread "Unknown thread" [_thread_in_vm, id=2492, stack(0x00000001d1800000,0x00000001d1900000)]

Stack: [0x00000001d1800000,0x00000001d1900000]
Native frames: (J=compiled Java code, j=interpreted, Vv=VM code, C=native code)
V  [jvm.dll+0x6ee8fa]
V  [jvm.dll+0x857a1e]
V  [jvm.dll+0x85940e]
V  [jvm.dll+0x859ac3]
V  [jvm.dll+0x28291f]
V  [jvm.dll+0x6eb6e9]
V  [jvm.dll+0x6e028a]
V  [jvm.dll+0x357136]
V  [jvm.dll+0x35eb96]
V  [jvm.dll+0x3b555e]
V  [jvm.dll+0x3b578f]
V  [jvm.dll+0x32c6ea]
V  [jvm.dll+0x32d59e]
V  [jvm.dll+0x821b20]
V  [jvm.dll+0x3c27c1]
V  [jvm.dll+0x8022f1]
V  [jvm.dll+0x44b30f]
V  [jvm.dll+0x44cc91]
C  [jli.dll+0x5287]
C  [ucrtbase.dll+0x26c0c]
C  [KERNEL32.DLL+0x155a0]
C  [ntdll.dll+0x485b]


---------------  P R O C E S S  ---------------

Threads class SMR info:
_java_thread_list=0x00007ff928dad048, length=0, elements={
}

Java Threads: ( => current thread )

Other Threads:
  0x000001dffb5d9930 WorkerThread "GC Thread#0" [stack: 0x00000001d1900000,0x00000001d1a00000] [id=16656]
  0x000001dffb5eb360 ConcurrentGCThread "G1 Main Marker" [stack: 0x00000001d1a00000,0x00000001d1b00000] [id=17892]
  0x000001dffb5ec530 WorkerThread "G1 Conc#0" [stack: 0x00000001d1b00000,0x00000001d1c00000] [id=3428]

[error occurred during error reporting (printing all threads), id 0xc0000005, EXCEPTION_ACCESS_VIOLATION (0xc0000005) at pc=0x00007ff92856d127]

VM state: not at safepoint (not fully initialized)

VM Mutex/Monitor currently owned by a thread:  ([mutex/lock_event])
[0x000001dffb57b830] Heap_lock - owner thread: 0x000001dffb57d180

Heap address: 0x0000000084200000, size: 1982 MB, Compressed Oops mode: 32-bit

CDS archive(s) mapped at: [0x0000000000000000-0x0000000000000000-0x0000000000000000), size 0, SharedBaseAddress: 0x0000000800000000, ArchiveRelocationMode: 0.
Narrow klass base: 0x0000000000000000, Narrow klass shift: 0, Narrow klass range: 0x0

GC Precious Log:
 CardTable entry size: 512
 Card Set container configuration: InlinePtr #cards 5 size 8 Array Of Cards #cards 12 size 40 Howl #buckets 4 coarsen threshold 1843 Howl Bitmap #cards 512 size 80 coarsen threshold 460 Card regions per heap region 1 cards per card region 2048

Heap:
 garbage-first heap   total 0K, used 0K [0x0000000084200000, 0x0000000100000000)
  region size 1024K, 0 young (0K), 0 survivors (0K)

[error occurred during error reporting (printing heap information), id 0xc0000005, EXCEPTION_ACCESS_VIOLATION (0xc0000005) at pc=0x00007ff928976959]

GC Heap History (0 events):
No events

Dll operation events (1 events):
Event: 0.010 Loaded shared library C:\Users\farhan.fadhilah\.jdks\openjdk-19.0.1\bin\java.dll

Deoptimization events (0 events):
No events

Classes loaded (0 events):
No events

Classes unloaded (0 events):
No events

Classes redefined (0 events):
No events

Internal exceptions (0 events):
No events

VM Operations (0 events):
No events

Events (0 events):
No events


Dynamic libraries:
0x00007ff7d0e20000 - 0x00007ff7d0e2e000 	C:\Users\farhan.fadhilah\.jdks\openjdk-19.0.1\bin\java.exe
0x00007ff982d60000 - 0x00007ff982f69000 	C:\Windows\SYSTEM32\ntdll.dll
0x00007ff982210000 - 0x00007ff9822ce000 	C:\Windows\System32\KERNEL32.DLL
0x00007ff9802d0000 - 0x00007ff98064b000 	C:\Windows\System32\KERNELBASE.dll
0x00007ff980930000 - 0x00007ff980a41000 	C:\Windows\System32\ucrtbase.dll
0x00007ff979050000 - 0x00007ff97906b000 	C:\Users\farhan.fadhilah\.jdks\openjdk-19.0.1\bin\VCRUNTIME140.dll
0x00007ff97a920000 - 0x00007ff97a937000 	C:\Users\farhan.fadhilah\.jdks\openjdk-19.0.1\bin\jli.dll
0x00007ff982b70000 - 0x00007ff982d1d000 	C:\Windows\System32\USER32.dll
0x00007ff966890000 - 0x00007ff966b35000 	C:\Windows\WinSxS\amd64_microsoft.windows.common-controls_6595b64144ccf1df_6.0.22000.120_none_9d947278b86cc467\COMCTL32.dll
0x00007ff9806d0000 - 0x00007ff9806f6000 	C:\Windows\System32\win32u.dll
0x00007ff981760000 - 0x00007ff981803000 	C:\Windows\System32\msvcrt.dll
0x00007ff981810000 - 0x00007ff981839000 	C:\Windows\System32\GDI32.dll
0x00007ff980ac0000 - 0x00007ff980bd8000 	C:\Windows\System32\gdi32full.dll
0x00007ff980230000 - 0x00007ff9802cd000 	C:\Windows\System32\msvcp_win.dll
0x00007ff980be0000 - 0x00007ff980c12000 	C:\Windows\System32\IMM32.DLL
0x00007ff946960000 - 0x00007ff946a04000 	C:\Program Files\McAfee\Endpoint Security\Threat Prevention\Ips\EpMPApi.dll
0x00007ff981450000 - 0x00007ff981570000 	C:\Windows\System32\RPCRT4.dll
0x00007ff982450000 - 0x00007ff9824fe000 	C:\Windows\System32\ADVAPI32.dll
0x00007ff981600000 - 0x00007ff98169e000 	C:\Windows\System32\sechost.dll
0x00007ff980a50000 - 0x00007ff980ab8000 	C:\Windows\System32\WINTRUST.dll
0x00007ff980700000 - 0x00007ff980862000 	C:\Windows\System32\CRYPT32.dll
0x00007ff97fae0000 - 0x00007ff97faf2000 	C:\Windows\SYSTEM32\MSASN1.dll
0x0000000063040000 - 0x000000006304c000 	C:\Program Files\McAfee\Endpoint Security\Threat Prevention\Ips\EpMPThe.dll
0x00007ff946200000 - 0x00007ff946258000 	C:\Program Files\McAfee\Endpoint Security\Threat Prevention\Ips\HIPHandlers64.dll
0x00007ff981840000 - 0x00007ff98189d000 	C:\Windows\System32\SHLWAPI.dll
0x00007ff97dd10000 - 0x00007ff97df31000 	C:\Windows\SYSTEM32\dbghelp.dll
0x00007ff97aa30000 - 0x00007ff97aa3c000 	C:\Users\farhan.fadhilah\.jdks\openjdk-19.0.1\bin\vcruntime140_1.dll
0x00007ff9652f0000 - 0x00007ff96537e000 	C:\Users\farhan.fadhilah\.jdks\openjdk-19.0.1\bin\msvcp140.dll
0x00007ff928230000 - 0x00007ff928ef0000 	C:\Users\farhan.fadhilah\.jdks\openjdk-19.0.1\bin\server\jvm.dll
0x00007ff9791f0000 - 0x00007ff979223000 	C:\Windows\SYSTEM32\WINMM.dll
0x00007ff9742c0000 - 0x00007ff9742ca000 	C:\Windows\SYSTEM32\VERSION.dll
0x00007ff95aea0000 - 0x00007ff95aea9000 	C:\Windows\SYSTEM32\WSOCK32.dll
0x00007ff9813e0000 - 0x00007ff98144f000 	C:\Windows\System32\WS2_32.dll
0x00007ff97f3a0000 - 0x00007ff97f3b8000 	C:\Windows\SYSTEM32\kernel.appcore.dll
0x00007ff9790d0000 - 0x00007ff9790da000 	C:\Users\farhan.fadhilah\.jdks\openjdk-19.0.1\bin\jimage.dll
0x00007ff979180000 - 0x00007ff9791b1000 	C:\Windows\SYSTEM32\dbgcore.DLL
0x00007ff980650000 - 0x00007ff9806cf000 	C:\Windows\System32\bcryptPrimitives.dll
0x00007ff974f00000 - 0x00007ff974f0e000 	C:\Users\farhan.fadhilah\.jdks\openjdk-19.0.1\bin\instrument.dll
0x00007ff979020000 - 0x00007ff979046000 	C:\Users\farhan.fadhilah\.jdks\openjdk-19.0.1\bin\java.dll

dbghelp: loaded successfully - version: 4.0.5 - missing functions: none
symbol engine: initialized successfully - sym options: 0x614 - pdb path: .;C:\Users\farhan.fadhilah\.jdks\openjdk-19.0.1\bin;C:\Windows\SYSTEM32;C:\Windows\WinSxS\amd64_microsoft.windows.common-controls_6595b64144ccf1df_6.0.22000.120_none_9d947278b86cc467;C:\Program Files\McAfee\Endpoint Security\Threat Prevention\Ips;C:\Users\farhan.fadhilah\.jdks\openjdk-19.0.1\bin\server

VM Arguments:
jvm_args: -ea -Didea.test.cyclic.buffer.size=1048576 -javaagent:C:\Program Files\JetBrains\IntelliJ IDEA Community Edition 2022.3.1\lib\idea_rt.jar=58708:C:\Program Files\JetBrains\IntelliJ IDEA Community Edition 2022.3.1\bin -Dfile.encoding=UTF-8 -Dsun.stdout.encoding=UTF-8 -Dsun.stderr.encoding=UTF-8 
java_command: com.intellij.rt.junit.JUnitStarter -ideVersion5 -junit5 belajarspringboot.belajarspringdasar.core.DependsOnTest
java_class_path (initial): C:\Users\farhan.fadhilah\.m2\repository\org\junit\platform\junit-platform-launcher\1.9.1\junit-platform-launcher-1.9.1.jar;C:\Program Files\JetBrains\IntelliJ IDEA Community Edition 2022.3.1\lib\idea_rt.jar;C:\Program Files\JetBrains\IntelliJ IDEA Community Edition 2022.3.1\plugins\junit\lib\junit5-rt.jar;C:\Program Files\JetBrains\IntelliJ IDEA Community Edition 2022.3.1\plugins\junit\lib\junit-rt.jar;E:\Farhan\Spring Boot\belajar-spring-dasar\target\test-classes;E:\Farhan\Spring Boot\belajar-spring-dasar\target\classes;C:\Users\farhan.fadhilah\.m2\repository\org\springframework\boot\spring-boot-starter\3.0.1\spring-boot-starter-3.0.1.jar;C:\Users\farhan.fadhilah\.m2\repository\org\springframework\boot\spring-boot\3.0.1\spring-boot-3.0.1.jar;C:\Users\farhan.fadhilah\.m2\repository\org\springframework\spring-context\6.0.3\spring-context-6.0.3.jar;C:\Users\farhan.fadhilah\.m2\repository\org\springframework\spring-aop\6.0.3\spring-aop-6.0.3.jar;C:\Users\farhan.fadhilah\.m2\repository\org\springframework\spring-beans\6.0.3\spring-beans-6.0.3.jar;C:\Users\farhan.fadhilah\.m2\repository\org\springframework\spring-expression\6.0.3\spring-expression-6.0.3.jar;C:\Users\farhan.fadhilah\.m2\repository\org\springframework\boot\spring-boot-autoconfigure\3.0.1\spring-boot-autoconfigure-3.0.1.jar;C:\Users\farhan.fadhilah\.m2\repository\org\springframework\boot\spring-boot-starter-logging\3.0.1\spring-boot-starter-logging-3.0.1.jar;C:\Users\farhan.fadhilah\.m2\repository\ch\qos\logback\logback-classic\1.4.5\logback-classic-1.4.5.jar;C:\Users\farhan.fadhilah\.m2\repository\ch\qos\logback\logback-core\1.4.5\logback-core-1.4.5.jar;C:\Users\farhan.fadhilah\.m2\repository\org\apache\logging\log4j\log4j-to-slf4j\2.19.0\log4j-to-slf4j-2.19.0.jar;C:\Users\farhan.fadhilah\.m2\repository\org\apache\logging\log4j\log4j-api\2.19.0\log4j-api-2.19.0.jar;C:\Users\farhan.fadhilah\.m2\repository\org\slf4j\jul-to-slf4j\2.0.6\jul-to-slf4j-2.0.6.jar;C:\Users\farhan.fadhilah\.m2\repository\jakarta\annotation\jakarta.annotation-api\2.1.1\jakarta.annotation-api-2.1.1.jar;C:\Users\farhan.fadhilah\.m2\repository\org\springframework\spring-core\6.0.3\spring-core-6.0.3.jar;C:\Users\farhan.fadhilah\.m2\repository\org\springframework\spring-jcl\6.0.3\spring-jcl-6.0.3.jar;C:\Users\farhan.fadhilah\.m2\repository\org\yaml\snakeyaml\1.33\snakeyaml-1.33.jar;C:\Users\farhan.fadhilah\.m2\repository\org\projectlombok\lombok\1.18.24\lombok-1.18.24.jar;C:\Users\farhan.fadhilah\.m2\repository\org\springframework\boot\spring-boot-starter-test\3.0.1\spring-boot-starter-test-3.0.1.jar;C:\Users\farhan.fadhilah\.m2\repository\org\springframework\boot\spring-boot-test\3.0.1\spring-boot-test-3.0.1.jar;C:\Users\farhan.fadhilah\.m2\repository\org\springframework\boot\spring-boot-test-autoconfigure\3.0.1\spring-boot-test-autoconfigure-3.0.1.jar;C:\Users\farhan.fadhilah\.m2\repository\com\jayway\jsonpath\json-path\2.7.0\json-path-2.7.0.jar;C:\Users\farhan.fadhilah\.m2\repository\net\minidev\json-smart\2.4.8\json-smart-2.4.8.jar;C:\Users\farhan.fadhilah\.m2\repository\net\minidev\accessors-smart\2.4.8\accessors-smart-2.4.8.jar;C:\Users\farhan.fadhilah\.m2\repository\org\ow2\asm\asm\9.1\asm-9.1.jar;C:\Users\farhan.fadhilah\.m2\repository\org\slf4j\slf4j-api\2.0.6\slf4j-api-2.0.6.jar;C:\Users\farhan.fadhilah\.m2\repository\jakarta\xml\bind\jakarta.xml.bind-api\4.0.0\jakarta.xml.bind-api-4.0.0.jar;C:\Users\farhan.fadhilah\.m2\repository\jakarta\activation\jakarta.activation-api\2.1.0\jakarta.activation-api-2.1.0.jar;C:\Users\farhan.fadhilah\.m2\repository\org\assertj\assertj-core\3.23.1\assertj-core-3.23.1.jar;C:\Users\farhan.fadhilah\.m2\repository\net\bytebuddy\byte-buddy\1.12.20\byte-buddy-1.12.20.jar;C:\Users\farhan.fadhilah\.m2\repository\org\hamcrest\hamcrest\2.2\hamcrest-2.2.jar;C:\Users\farhan.fadhilah\.m2\repository\org\junit\jupiter\junit-jupiter\5.9.1\junit-jupiter-5.9.1.jar;C:\Users\farhan.fadhilah\.m2\repository\org\junit\jupiter\junit-jupiter-api\5.9.1\junit-jupiter-api-5.9.1.jar;C:\Users\farhan.fadhilah\.m2\repository\org\opentest4j\opentest4j\1.2.0\opentest4j-1.2.0.jar;C:\Users\farhan.fadhilah\.m2\repository\org\junit\platform\junit-platform-commons\1.9.1\junit-platform-commons-1.9.1.jar;C:\Users\farhan.fadhilah\.m2\repository\org\apiguardian\apiguardian-api\1.1.2\apiguardian-api-1.1.2.jar;C:\Users\farhan.fadhilah\.m2\repository\org\junit\jupiter\junit-jupiter-params\5.9.1\junit-jupiter-params-5.9.1.jar;C:\Users\farhan.fadhilah\.m2\repository\org\junit\jupiter\junit-jupiter-engine\5.9.1\junit-jupiter-engine-5.9.1.jar;C:\Users\farhan.fadhilah\.m2\repository\org\junit\platform\junit-platform-engine\1.9.1\junit-platform-engine-1.9.1.jar;C:\Users\farhan.fadhilah\.m2\repository\org\mockito\mockito-core\4.8.1\mockito-core-4.8.1.jar;C:\Users\farhan.fadhilah\.m2\repository\net\bytebuddy\byte-buddy-agent\1.12.20\byte-buddy-agent-1.12.20.jar;C:\Users\farhan.fadhilah\.m2\repository\org\objenesis\objenesis\3.2\objenesis-3.2.jar;C:\Users\farhan.fadhilah\.m2\repository\org\mockito\mockito-junit-jupiter\4.8.1\mockito-junit-jupiter-4.8.1.jar;C:\Users\farhan.fadhilah\.m2\repository\org\skyscreamer\jsonassert\1.5.1\jsonassert-1.5.1.jar;C:\Users\farhan.fadhilah\.m2\repository\com\vaadin\external\google\android-json\0.0.20131108.vaadin1\android-json-0.0.20131108.vaadin1.jar;C:\Users\farhan.fadhilah\.m2\repository\org\springframework\spring-test\6.0.3\spring-test-6.0.3.jar;C:\Users\farhan.fadhilah\.m2\repository\org\xmlunit\xmlunit-core\2.9.0\xmlunit-core-2.9.0.jar
Launcher Type: SUN_STANDARD

[Global flags]
     intx CICompilerCount                          = 4                                         {product} {ergonomic}
     uint ConcGCThreads                            = 2                                         {product} {ergonomic}
     uint G1ConcRefinementThreads                  = 8                                         {product} {ergonomic}
   size_t G1HeapRegionSize                         = 1048576                                   {product} {ergonomic}
    uintx GCDrainStackTargetSize                   = 64                                        {product} {ergonomic}
   size_t InitialHeapSize                          = 130023424                                 {product} {ergonomic}
   size_t MarkStackSize                            = 4194304                                   {product} {ergonomic}
   size_t MaxHeapSize                              = 2078277632                                {product} {ergonomic}
   size_t MinHeapDeltaBytes                        = 1048576                                   {product} {ergonomic}
   size_t MinHeapSize                              = 8388608                                   {product} {ergonomic}
    uintx NonNMethodCodeHeapSize                   = 5839372                                {pd product} {ergonomic}
    uintx NonProfiledCodeHeapSize                  = 122909434                              {pd product} {ergonomic}
    uintx ProfiledCodeHeapSize                     = 122909434                              {pd product} {ergonomic}
    uintx ReservedCodeCacheSize                    = 251658240                              {pd product} {ergonomic}
     bool SegmentedCodeCache                       = true                                      {product} {ergonomic}
   size_t SoftMaxHeapSize                          = 2078277632                             {manageable} {ergonomic}
     bool UseCompressedClassPointers               = true                           {product lp64_product} {ergonomic}
     bool UseCompressedOops                        = true                           {product lp64_product} {ergonomic}
     bool UseG1GC                                  = true                                      {product} {ergonomic}
     bool UseLargePagesIndividualAllocation        = false                                  {pd product} {ergonomic}

Logging:
Log output configuration:
 #0: stdout all=warning uptime,level,tags foldmultilines=false
 #1: stderr all=off uptime,level,tags foldmultilines=false

Environment Variables:
PATH=E:\DevSuiteHome_1\jdk\jre\bin\classic;E:\DevSuiteHome_1\jdk\jre\bin;E:\DevSuiteHome_1\jdk\jre\bin\client;E:\DevSuiteHome_1\jlib;E:\DevSuiteHome_1\bin;E:\DevSuiteHome_1\jre\1.4.2\bin\client;E:\DevSuiteHome_1\jre\1.4.2\bin;C:\Windows\system32;C:\Windows;C:\Windows\System32\Wbem;C:\Windows\System32\WindowsPowerShell\v1.0\;C:\Windows\System32\OpenSSH\;C:\Program Files (x86)\NVIDIA Corporation\PhysX\Common;C:\Program Files\dotnet\;C:\Program Files (x86)\Microsoft SQL Server\Client SDK\ODBC\130\Tools\Binn\;C:\Program Files (x86)\Microsoft SQL Server\140\Tools\Binn\;C:\Program Files (x86)\Microsoft SQL Server\140\DTS\Binn\;C:\Program Files (x86)\Microsoft SQL Server\140\Tools\Binn\ManagementStudio\;C:\Program Files\Quest Software\instantclient_11_2;C:\Program Files\Git\cmd;E:\Flutter\Flutter SDK\bin;E:\Flutter\AndroidSDK\Android\Sdk;C:\Users\farhan.fadhilah\AppData\Local\Microsoft\WindowsApps;;C:\Users\farhan.fadhilah\AppData\Local\Programs\Microsoft VS Code\bin
USERNAME=farhan.fadhilah
OS=Windows_NT
PROCESSOR_IDENTIFIER=Intel64 Family 6 Model 140 Stepping 1, GenuineIntel
TMP=C:\Users\FARHAN~1.FAD\AppData\Local\Temp
TEMP=C:\Users\FARHAN~1.FAD\AppData\Local\Temp



---------------  S Y S T E M  ---------------

OS:
 Windows 11 , 64 bit Build 22000 (10.0.22000.1335)
OS uptime: 0 days 3:47 hours

CPU: total 8 (initial active 8) (4 cores per cpu, 2 threads per core) family 6 model 140 stepping 1 microcode 0xa4, cx8, cmov, fxsr, ht, mmx, 3dnowpref, sse, sse2, sse3, ssse3, sse4.1, sse4.2, popcnt, lzcnt, tsc, tscinvbit, avx, avx2, aes, erms, clmul, bmi1, bmi2, adx, avx512f, avx512dq, avx512cd, avx512bw, avx512vl, sha, fma, vzeroupper, avx512_vpopcntdq, avx512_vpclmulqdq, avx512_vaes, avx512_vnni, clflush, clflushopt, clwb, avx512_vbmi2, avx512_vbmi, rdtscp, rdpid, fsrm, gfni, avx512_bitalg

Memory: 4k page, system-wide physical 7926M (984M free)
TotalPageFile size 10926M (AvailPageFile size 105M)
current process WorkingSet (physical memory assigned to process): 12M, peak: 12M
current process commit charge ("private bytes"): 61M, peak: 185M

vm_info: OpenJDK 64-Bit Server VM (19.0.1+10-21) for windows-amd64 JRE (19.0.1+10-21), built on 2022-09-14T12:45:06Z by "mach5one" with MS VC++ 17.1 (VS2022)

END.
