#
# There is insufficient memory for the Java Runtime Environment to continue.
# Native memory allocation (mmap) failed to map 130023424 bytes for G1 virtual space
# Possible reasons:
#   The system is out of physical RAM or swap space
#   The process is running with CompressedOops enabled, and the Java Heap may be blocking the growth of the native heap
# Possible solutions:
#   Reduce memory load on the system
#   Increase physical memory or swap space
#   Check if swap backing store is full
#   Decrease Java heap size (-Xmx/-Xms)
#   Decrease number of Java threads
#   Decrease Java thread stack sizes (-Xss)
#   Set larger code cache with -XX:ReservedCodeCacheSize=
#   JVM is running with Unscaled Compressed Oops mode in which the Java heap is
#     placed in the first 4GB address space. The Java Heap base address is the
#     maximum limit for the native heap growth. Please use -XX:HeapBaseMinAddress
#     to set the Java Heap base and to place the Java Heap above 4GB virtual address.
# This output file may be truncated or incomplete.
#
#  Out of Memory Error (os_windows.cpp:3527), pid=6028, tid=18620
#
# JRE version:  (19.0.1+10) (build )
# Java VM: OpenJDK 64-Bit Server VM (19.0.1+10-21, mixed mode, sharing, tiered, compressed oops, compressed class ptrs, g1 gc, windows-amd64)
# No core dump will be written. Minidumps are not enabled by default on client versions of Windows
#

---------------  S U M M A R Y ------------

Command Line: -ea -Didea.test.cyclic.buffer.size=1048576 -javaagent:C:\Program Files\JetBrains\IntelliJ IDEA Community Edition 2022.3.1\lib\idea_rt.jar=50474:C:\Program Files\JetBrains\IntelliJ IDEA Community Edition 2022.3.1\bin -Dfile.encoding=UTF-8 -Dsun.stdout.encoding=UTF-8 -Dsun.stderr.encoding=UTF-8 com.intellij.rt.junit.JUnitStarter -ideVersion5 -junit5 belajarspringboot.belajarspringdasar.core.ApplicationContextTest

Host: 11th Gen Intel(R) Core(TM) i5-1135G7 @ 2.40GHz, 8 cores, 7G,  Windows 11 , 64 bit Build 22000 (10.0.22000.1335)
Time: Fri Dec 30 10:15:57 2022 SE Asia Standard Time elapsed time: 0.014651 seconds (0d 0h 0m 0s)

---------------  T H R E A D  ---------------

Current thread (0x000001a183b0cac0):  JavaThread "Unknown thread" [_thread_in_vm, id=18620, stack(0x0000008b95b00000,0x0000008b95c00000)]

Stack: [0x0000008b95b00000,0x0000008b95c00000]
Native frames: (J=compiled Java code, j=interpreted, Vv=VM code, C=native code)
V  [jvm.dll+0x6ee8fa]
V  [jvm.dll+0x857a1e]
V  [jvm.dll+0x85940e]
V  [jvm.dll+0x859ac3]
V  [jvm.dll+0x28291f]
V  [jvm.dll+0x6eb6e9]
V  [jvm.dll+0x6e028a]
V  [jvm.dll+0x357136]
V  [jvm.dll+0x35eb96]
V  [jvm.dll+0x3b555e]
V  [jvm.dll+0x3b578f]
V  [jvm.dll+0x32c6ea]
V  [jvm.dll+0x32d59e]
V  [jvm.dll+0x821b20]
V  [jvm.dll+0x3c27c1]
V  [jvm.dll+0x8022f1]
V  [jvm.dll+0x44b30f]
V  [jvm.dll+0x44cc91]
C  [jli.dll+0x5287]
C  [ucrtbase.dll+0x26c0c]
C  [KERNEL32.DLL+0x155a0]
C  [ntdll.dll+0x485b]


---------------  P R O C E S S  ---------------

Threads class SMR info:
_java_thread_list=0x00007ffbb6c1d048, length=0, elements={
}

Java Threads: ( => current thread )

Other Threads:
  0x000001a183b6b480 WorkerThread "GC Thread#0" [stack: 0x0000008b95c00000,0x0000008b95d00000] [id=19376]
  0x000001a183b7bea0 ConcurrentGCThread "G1 Main Marker" [stack: 0x0000008b95d00000,0x0000008b95e00000] [id=15284]
  0x000001a183b7e790 WorkerThread "G1 Conc#0" [stack: 0x0000008b95e00000,0x0000008b95f00000] [id=580]

[error occurred during error reporting (printing all threads), id 0xc0000005, EXCEPTION_ACCESS_VIOLATION (0xc0000005) at pc=0x00007ffbb63dd127]

VM state: not at safepoint (not fully initialized)

VM Mutex/Monitor currently owned by a thread:  ([mutex/lock_event])
[0x000001a183b0aa20] Heap_lock - owner thread: 0x000001a183b0cac0

Heap address: 0x0000000084200000, size: 1982 MB, Compressed Oops mode: 32-bit

CDS archive(s) mapped at: [0x0000000000000000-0x0000000000000000-0x0000000000000000), size 0, SharedBaseAddress: 0x0000000800000000, ArchiveRelocationMode: 0.
Narrow klass base: 0x0000000000000000, Narrow klass shift: 0, Narrow klass range: 0x0

GC Precious Log:
 CardTable entry size: 512
 Card Set container configuration: InlinePtr #cards 5 size 8 Array Of Cards #cards 12 size 40 Howl #buckets 4 coarsen threshold 1843 Howl Bitmap #cards 512 size 80 coarsen threshold 460 Card regions per heap region 1 cards per card region 2048

Heap:
 garbage-first heap   total 0K, used 0K [0x0000000084200000, 0x0000000100000000)
  region size 1024K, 0 young (0K), 0 survivors (0K)

[error occurred during error reporting (printing heap information), id 0xc0000005, EXCEPTION_ACCESS_VIOLATION (0xc0000005) at pc=0x00007ffbb67e6959]

GC Heap History (0 events):
No events

Dll operation events (1 events):
Event: 0.009 Loaded shared library C:\Users\farhan.fadhilah\.jdks\openjdk-19.0.1\bin\java.dll

Deoptimization events (0 events):
No events

Classes loaded (0 events):
No events

Classes unloaded (0 events):
No events

Classes redefined (0 events):
No events

Internal exceptions (0 events):
No events

VM Operations (0 events):
No events

Events (0 events):
No events


Dynamic libraries:
0x00007ff6be790000 - 0x00007ff6be79e000 	C:\Users\farhan.fadhilah\.jdks\openjdk-19.0.1\bin\java.exe
0x00007ffc490e0000 - 0x00007ffc492e9000 	C:\Windows\SYSTEM32\ntdll.dll
0x00007ffc48250000 - 0x00007ffc4830e000 	C:\Windows\System32\KERNEL32.DLL
0x00007ffc465b0000 - 0x00007ffc4692b000 	C:\Windows\System32\KERNELBASE.dll
0x00007ffc46e40000 - 0x00007ffc46f51000 	C:\Windows\System32\ucrtbase.dll
0x00007ffbe1440000 - 0x00007ffbe145b000 	C:\Users\farhan.fadhilah\.jdks\openjdk-19.0.1\bin\VCRUNTIME140.dll
0x00007ffbe1420000 - 0x00007ffbe1437000 	C:\Users\farhan.fadhilah\.jdks\openjdk-19.0.1\bin\jli.dll
0x00007ffc47ee0000 - 0x00007ffc4808d000 	C:\Windows\System32\USER32.dll
0x00007ffc2b7b0000 - 0x00007ffc2ba55000 	C:\Windows\WinSxS\amd64_microsoft.windows.common-controls_6595b64144ccf1df_6.0.22000.120_none_9d947278b86cc467\COMCTL32.dll
0x00007ffc46b40000 - 0x00007ffc46b66000 	C:\Windows\System32\win32u.dll
0x00007ffc48d90000 - 0x00007ffc48e33000 	C:\Windows\System32\msvcrt.dll
0x00007ffc48fc0000 - 0x00007ffc48fe9000 	C:\Windows\System32\GDI32.dll
0x00007ffc46b70000 - 0x00007ffc46c88000 	C:\Windows\System32\gdi32full.dll
0x00007ffc46aa0000 - 0x00007ffc46b3d000 	C:\Windows\System32\msvcp_win.dll
0x00007ffc471d0000 - 0x00007ffc47202000 	C:\Windows\System32\IMM32.DLL
0x00007ffbecd50000 - 0x00007ffbecdf4000 	C:\Program Files\McAfee\Endpoint Security\Threat Prevention\Ips\EpMPApi.dll
0x00007ffc48e40000 - 0x00007ffc48f60000 	C:\Windows\System32\RPCRT4.dll
0x00007ffc47120000 - 0x00007ffc471ce000 	C:\Windows\System32\ADVAPI32.dll
0x00007ffc46f60000 - 0x00007ffc46ffe000 	C:\Windows\System32\sechost.dll
0x00007ffc46d50000 - 0x00007ffc46db8000 	C:\Windows\System32\WINTRUST.dll
0x00007ffc46930000 - 0x00007ffc46a92000 	C:\Windows\System32\CRYPT32.dll
0x00007ffc45e60000 - 0x00007ffc45e72000 	C:\Windows\SYSTEM32\MSASN1.dll
0x0000000070260000 - 0x000000007026c000 	C:\Program Files\McAfee\Endpoint Security\Threat Prevention\Ips\EpMPThe.dll
0x00007ffbecca0000 - 0x00007ffbeccf8000 	C:\Program Files\McAfee\Endpoint Security\Threat Prevention\Ips\HIPHandlers64.dll
0x00007ffc48cc0000 - 0x00007ffc48d1d000 	C:\Windows\System32\SHLWAPI.dll
0x00007ffc44070000 - 0x00007ffc44291000 	C:\Windows\SYSTEM32\dbghelp.dll
0x00007ffc08fb0000 - 0x00007ffc08fbc000 	C:\Users\farhan.fadhilah\.jdks\openjdk-19.0.1\bin\vcruntime140_1.dll
0x00007ffbb6d60000 - 0x00007ffbb6dee000 	C:\Users\farhan.fadhilah\.jdks\openjdk-19.0.1\bin\msvcp140.dll
0x00007ffbb60a0000 - 0x00007ffbb6d60000 	C:\Users\farhan.fadhilah\.jdks\openjdk-19.0.1\bin\server\jvm.dll
0x00007ffc38d60000 - 0x00007ffc38d6a000 	C:\Windows\SYSTEM32\VERSION.dll
0x00007ffc40b90000 - 0x00007ffc40bc3000 	C:\Windows\SYSTEM32\WINMM.dll
0x00007ffc21fe0000 - 0x00007ffc21fe9000 	C:\Windows\SYSTEM32\WSOCK32.dll
0x00007ffc48c50000 - 0x00007ffc48cbf000 	C:\Windows\System32\WS2_32.dll
0x00007ffc45720000 - 0x00007ffc45738000 	C:\Windows\SYSTEM32\kernel.appcore.dll
0x00007ffbe1410000 - 0x00007ffbe141a000 	C:\Users\farhan.fadhilah\.jdks\openjdk-19.0.1\bin\jimage.dll
0x00007ffc40b20000 - 0x00007ffc40b51000 	C:\Windows\SYSTEM32\dbgcore.DLL
0x00007ffc46dc0000 - 0x00007ffc46e3f000 	C:\Windows\System32\bcryptPrimitives.dll
0x00007ffc409a0000 - 0x00007ffc409ae000 	C:\Users\farhan.fadhilah\.jdks\openjdk-19.0.1\bin\instrument.dll
0x00007ffbba9e0000 - 0x00007ffbbaa06000 	C:\Users\farhan.fadhilah\.jdks\openjdk-19.0.1\bin\java.dll

dbghelp: loaded successfully - version: 4.0.5 - missing functions: none
symbol engine: initialized successfully - sym options: 0x614 - pdb path: .;C:\Users\farhan.fadhilah\.jdks\openjdk-19.0.1\bin;C:\Windows\SYSTEM32;C:\Windows\WinSxS\amd64_microsoft.windows.common-controls_6595b64144ccf1df_6.0.22000.120_none_9d947278b86cc467;C:\Program Files\McAfee\Endpoint Security\Threat Prevention\Ips;C:\Users\farhan.fadhilah\.jdks\openjdk-19.0.1\bin\server

VM Arguments:
jvm_args: -ea -Didea.test.cyclic.buffer.size=1048576 -javaagent:C:\Program Files\JetBrains\IntelliJ IDEA Community Edition 2022.3.1\lib\idea_rt.jar=50474:C:\Program Files\JetBrains\IntelliJ IDEA Community Edition 2022.3.1\bin -Dfile.encoding=UTF-8 -Dsun.stdout.encoding=UTF-8 -Dsun.stderr.encoding=UTF-8 
java_command: com.intellij.rt.junit.JUnitStarter -ideVersion5 -junit5 belajarspringboot.belajarspringdasar.core.ApplicationContextTest
java_class_path (initial): C:\Users\farhan.fadhilah\.m2\repository\org\junit\platform\junit-platform-launcher\1.9.1\junit-platform-launcher-1.9.1.jar;C:\Program Files\JetBrains\IntelliJ IDEA Community Edition 2022.3.1\lib\idea_rt.jar;C:\Program Files\JetBrains\IntelliJ IDEA Community Edition 2022.3.1\plugins\junit\lib\junit5-rt.jar;C:\Program Files\JetBrains\IntelliJ IDEA Community Edition 2022.3.1\plugins\junit\lib\junit-rt.jar;E:\Farhan\Spring Boot\belajar-spring-dasar\target\test-classes;E:\Farhan\Spring Boot\belajar-spring-dasar\target\classes;C:\Users\farhan.fadhilah\.m2\repository\org\springframework\boot\spring-boot-starter\3.0.1\spring-boot-starter-3.0.1.jar;C:\Users\farhan.fadhilah\.m2\repository\org\springframework\boot\spring-boot\3.0.1\spring-boot-3.0.1.jar;C:\Users\farhan.fadhilah\.m2\repository\org\springframework\spring-context\6.0.3\spring-context-6.0.3.jar;C:\Users\farhan.fadhilah\.m2\repository\org\springframework\spring-aop\6.0.3\spring-aop-6.0.3.jar;C:\Users\farhan.fadhilah\.m2\repository\org\springframework\spring-beans\6.0.3\spring-beans-6.0.3.jar;C:\Users\farhan.fadhilah\.m2\repository\org\springframework\spring-expression\6.0.3\spring-expression-6.0.3.jar;C:\Users\farhan.fadhilah\.m2\repository\org\springframework\boot\spring-boot-autoconfigure\3.0.1\spring-boot-autoconfigure-3.0.1.jar;C:\Users\farhan.fadhilah\.m2\repository\org\springframework\boot\spring-boot-starter-logging\3.0.1\spring-boot-starter-logging-3.0.1.jar;C:\Users\farhan.fadhilah\.m2\repository\ch\qos\logback\logback-classic\1.4.5\logback-classic-1.4.5.jar;C:\Users\farhan.fadhilah\.m2\repository\ch\qos\logback\logback-core\1.4.5\logback-core-1.4.5.jar;C:\Users\farhan.fadhilah\.m2\repository\org\apache\logging\log4j\log4j-to-slf4j\2.19.0\log4j-to-slf4j-2.19.0.jar;C:\Users\farhan.fadhilah\.m2\repository\org\apache\logging\log4j\log4j-api\2.19.0\log4j-api-2.19.0.jar;C:\Users\farhan.fadhilah\.m2\repository\org\slf4j\jul-to-slf4j\2.0.6\jul-to-slf4j-2.0.6.jar;C:\Users\farhan.fadhilah\.m2\repository\jakarta\annotation\jakarta.annotation-api\2.1.1\jakarta.annotation-api-2.1.1.jar;C:\Users\farhan.fadhilah\.m2\repository\org\springframework\spring-core\6.0.3\spring-core-6.0.3.jar;C:\Users\farhan.fadhilah\.m2\repository\org\springframework\spring-jcl\6.0.3\spring-jcl-6.0.3.jar;C:\Users\farhan.fadhilah\.m2\repository\org\yaml\snakeyaml\1.33\snakeyaml-1.33.jar;C:\Users\farhan.fadhilah\.m2\repository\org\projectlombok\lombok\1.18.24\lombok-1.18.24.jar;C:\Users\farhan.fadhilah\.m2\repository\org\springframework\boot\spring-boot-starter-test\3.0.1\spring-boot-starter-test-3.0.1.jar;C:\Users\farhan.fadhilah\.m2\repository\org\springframework\boot\spring-boot-test\3.0.1\spring-boot-test-3.0.1.jar;C:\Users\farhan.fadhilah\.m2\repository\org\springframework\boot\spring-boot-test-autoconfigure\3.0.1\spring-boot-test-autoconfigure-3.0.1.jar;C:\Users\farhan.fadhilah\.m2\repository\com\jayway\jsonpath\json-path\2.7.0\json-path-2.7.0.jar;C:\Users\farhan.fadhilah\.m2\repository\net\minidev\json-smart\2.4.8\json-smart-2.4.8.jar;C:\Users\farhan.fadhilah\.m2\repository\net\minidev\accessors-smart\2.4.8\accessors-smart-2.4.8.jar;C:\Users\farhan.fadhilah\.m2\repository\org\ow2\asm\asm\9.1\asm-9.1.jar;C:\Users\farhan.fadhilah\.m2\repository\org\slf4j\slf4j-api\2.0.6\slf4j-api-2.0.6.jar;C:\Users\farhan.fadhilah\.m2\repository\jakarta\xml\bind\jakarta.xml.bind-api\4.0.0\jakarta.xml.bind-api-4.0.0.jar;C:\Users\farhan.fadhilah\.m2\repository\jakarta\activation\jakarta.activation-api\2.1.0\jakarta.activation-api-2.1.0.jar;C:\Users\farhan.fadhilah\.m2\repository\org\assertj\assertj-core\3.23.1\assertj-core-3.23.1.jar;C:\Users\farhan.fadhilah\.m2\repository\net\bytebuddy\byte-buddy\1.12.20\byte-buddy-1.12.20.jar;C:\Users\farhan.fadhilah\.m2\repository\org\hamcrest\hamcrest\2.2\hamcrest-2.2.jar;C:\Users\farhan.fadhilah\.m2\repository\org\junit\jupiter\junit-jupiter\5.9.1\junit-jupiter-5.9.1.jar;C:\Users\farhan.fadhilah\.m2\repository\org\junit\jupiter\junit-jupiter-api\5.9.1\junit-jupiter-api-5.9.1.jar;C:\Users\farhan.fadhilah\.m2\repository\org\opentest4j\opentest4j\1.2.0\opentest4j-1.2.0.jar;C:\Users\farhan.fadhilah\.m2\repository\org\junit\platform\junit-platform-commons\1.9.1\junit-platform-commons-1.9.1.jar;C:\Users\farhan.fadhilah\.m2\repository\org\apiguardian\apiguardian-api\1.1.2\apiguardian-api-1.1.2.jar;C:\Users\farhan.fadhilah\.m2\repository\org\junit\jupiter\junit-jupiter-params\5.9.1\junit-jupiter-params-5.9.1.jar;C:\Users\farhan.fadhilah\.m2\repository\org\junit\jupiter\junit-jupiter-engine\5.9.1\junit-jupiter-engine-5.9.1.jar;C:\Users\farhan.fadhilah\.m2\repository\org\junit\platform\junit-platform-engine\1.9.1\junit-platform-engine-1.9.1.jar;C:\Users\farhan.fadhilah\.m2\repository\org\mockito\mockito-core\4.8.1\mockito-core-4.8.1.jar;C:\Users\farhan.fadhilah\.m2\repository\net\bytebuddy\byte-buddy-agent\1.12.20\byte-buddy-agent-1.12.20.jar;C:\Users\farhan.fadhilah\.m2\repository\org\objenesis\objenesis\3.2\objenesis-3.2.jar;C:\Users\farhan.fadhilah\.m2\repository\org\mockito\mockito-junit-jupiter\4.8.1\mockito-junit-jupiter-4.8.1.jar;C:\Users\farhan.fadhilah\.m2\repository\org\skyscreamer\jsonassert\1.5.1\jsonassert-1.5.1.jar;C:\Users\farhan.fadhilah\.m2\repository\com\vaadin\external\google\android-json\0.0.20131108.vaadin1\android-json-0.0.20131108.vaadin1.jar;C:\Users\farhan.fadhilah\.m2\repository\org\springframework\spring-test\6.0.3\spring-test-6.0.3.jar;C:\Users\farhan.fadhilah\.m2\repository\org\xmlunit\xmlunit-core\2.9.0\xmlunit-core-2.9.0.jar
Launcher Type: SUN_STANDARD

[Global flags]
     intx CICompilerCount                          = 4                                         {product} {ergonomic}
     uint ConcGCThreads                            = 2                                         {product} {ergonomic}
     uint G1ConcRefinementThreads                  = 8                                         {product} {ergonomic}
   size_t G1HeapRegionSize                         = 1048576                                   {product} {ergonomic}
    uintx GCDrainStackTargetSize                   = 64                                        {product} {ergonomic}
   size_t InitialHeapSize                          = 130023424                                 {product} {ergonomic}
   size_t MarkStackSize                            = 4194304                                   {product} {ergonomic}
   size_t MaxHeapSize                              = 2078277632                                {product} {ergonomic}
   size_t MinHeapDeltaBytes                        = 1048576                                   {product} {ergonomic}
   size_t MinHeapSize                              = 8388608                                   {product} {ergonomic}
    uintx NonNMethodCodeHeapSize                   = 5839372                                {pd product} {ergonomic}
    uintx NonProfiledCodeHeapSize                  = 122909434                              {pd product} {ergonomic}
    uintx ProfiledCodeHeapSize                     = 122909434                              {pd product} {ergonomic}
    uintx ReservedCodeCacheSize                    = 251658240                              {pd product} {ergonomic}
     bool SegmentedCodeCache                       = true                                      {product} {ergonomic}
   size_t SoftMaxHeapSize                          = 2078277632                             {manageable} {ergonomic}
     bool UseCompressedClassPointers               = true                           {product lp64_product} {ergonomic}
     bool UseCompressedOops                        = true                           {product lp64_product} {ergonomic}
     bool UseG1GC                                  = true                                      {product} {ergonomic}
     bool UseLargePagesIndividualAllocation        = false                                  {pd product} {ergonomic}

Logging:
Log output configuration:
 #0: stdout all=warning uptime,level,tags foldmultilines=false
 #1: stderr all=off uptime,level,tags foldmultilines=false

Environment Variables:
PATH=E:\DevSuiteHome_1\jdk\jre\bin\classic;E:\DevSuiteHome_1\jdk\jre\bin;E:\DevSuiteHome_1\jdk\jre\bin\client;E:\DevSuiteHome_1\jlib;E:\DevSuiteHome_1\bin;E:\DevSuiteHome_1\jre\1.4.2\bin\client;E:\DevSuiteHome_1\jre\1.4.2\bin;C:\Windows\system32;C:\Windows;C:\Windows\System32\Wbem;C:\Windows\System32\WindowsPowerShell\v1.0\;C:\Windows\System32\OpenSSH\;C:\Program Files (x86)\NVIDIA Corporation\PhysX\Common;C:\Program Files\dotnet\;C:\Program Files (x86)\Microsoft SQL Server\Client SDK\ODBC\130\Tools\Binn\;C:\Program Files (x86)\Microsoft SQL Server\140\Tools\Binn\;C:\Program Files (x86)\Microsoft SQL Server\140\DTS\Binn\;C:\Program Files (x86)\Microsoft SQL Server\140\Tools\Binn\ManagementStudio\;C:\Program Files\Quest Software\instantclient_11_2;C:\Program Files\Git\cmd;E:\Flutter\Flutter SDK\bin;E:\Flutter\AndroidSDK\Android\Sdk;C:\Users\farhan.fadhilah\AppData\Local\Microsoft\WindowsApps;;C:\Users\farhan.fadhilah\AppData\Local\Programs\Microsoft VS Code\bin
USERNAME=farhan.fadhilah
OS=Windows_NT
PROCESSOR_IDENTIFIER=Intel64 Family 6 Model 140 Stepping 1, GenuineIntel
TMP=C:\Users\FARHAN~1.FAD\AppData\Local\Temp
TEMP=C:\Users\FARHAN~1.FAD\AppData\Local\Temp



---------------  S Y S T E M  ---------------

OS:
 Windows 11 , 64 bit Build 22000 (10.0.22000.1335)
OS uptime: 0 days 0:13 hours

CPU: total 8 (initial active 8) (4 cores per cpu, 2 threads per core) family 6 model 140 stepping 1 microcode 0xa4, cx8, cmov, fxsr, ht, mmx, 3dnowpref, sse, sse2, sse3, ssse3, sse4.1, sse4.2, popcnt, lzcnt, tsc, tscinvbit, avx, avx2, aes, erms, clmul, bmi1, bmi2, adx, avx512f, avx512dq, avx512cd, avx512bw, avx512vl, sha, fma, vzeroupper, avx512_vpopcntdq, avx512_vpclmulqdq, avx512_vaes, avx512_vnni, clflush, clflushopt, clwb, avx512_vbmi2, avx512_vbmi, rdtscp, rdpid, fsrm, gfni, avx512_bitalg

Memory: 4k page, system-wide physical 7926M (546M free)
TotalPageFile size 10926M (AvailPageFile size 118M)
current process WorkingSet (physical memory assigned to process): 12M, peak: 12M
current process commit charge ("private bytes"): 61M, peak: 185M

vm_info: OpenJDK 64-Bit Server VM (19.0.1+10-21) for windows-amd64 JRE (19.0.1+10-21), built on 2022-09-14T12:45:06Z by "mach5one" with MS VC++ 17.1 (VS2022)

END.
